Flow report for votingMachine
Sun Sep 10 18:39:51 2023
Quartus II Version 8.1 Build 163 10/28/2008 SJ Web Edition


---------------------
; Table of Contents ;
---------------------
  1. Legal Notice
  2. Flow Summary
  3. Flow Settings
  4. Flow Non-Default Global Settings
  5. Flow Elapsed Time
  6. Flow OS Summary
  7. Flow Log



----------------
; Legal Notice ;
----------------
Copyright (C) 1991-2008 Altera Corporation
Your use of Altera Corporation's design tools, logic functions 
and other software and tools, and its AMPP partner logic 
functions, and any output files from any of the foregoing 
(including device programming or simulation files), and any 
associated documentation or information are expressly subject 
to the terms and conditions of the Altera Program License 
Subscription Agreement, Altera MegaCore Function License 
Agreement, or other applicable license agreement, including, 
without limitation, that your use is for the sole purpose of 
programming logic devices manufactured by Altera and sold by 
Altera or its authorized distributors.  Please refer to the 
applicable agreement for further details.



+-------------------------------------------------------------------+
; Flow Summary                                                      ;
+-------------------------+-----------------------------------------+
; Flow Status             ; Successful - Sun Sep 10 18:39:51 2023   ;
; Quartus II Version      ; 8.1 Build 163 10/28/2008 SJ Web Edition ;
; Revision Name           ; votingMachine                           ;
; Top-level Entity Name   ; votingMachine                           ;
; Family                  ; FLEX10K                                 ;
; Device                  ; EPF10K70RC240-4                         ;
; Timing Models           ; Final                                   ;
; Met timing requirements ; Yes                                     ;
; Total logic elements    ; 832 / 3,744 ( 22 % )                    ;
; Total pins              ; 33 / 189 ( 17 % )                       ;
; Total memory bits       ; 0 / 18,432 ( 0 % )                      ;
+-------------------------+-----------------------------------------+


+-----------------------------------------+
; Flow Settings                           ;
+-------------------+---------------------+
; Option            ; Setting             ;
+-------------------+---------------------+
; Start date & time ; 09/10/2023 18:39:30 ;
; Main task         ; Compilation         ;
; Revision Name     ; votingMachine       ;
+-------------------+---------------------+


+---------------------------------------------------------------------------------------------------------------------------------------------------------------------------------+
; Flow Non-Default Global Settings                                                                                                                                                ;
+------------------------------------+---------------------------------------------------------------------------------------+---------------+-------------+----------------------+
; Assignment Name                    ; Value                                                                                 ; Default Value ; Entity Name ; Section Id           ;
+------------------------------------+---------------------------------------------------------------------------------------+---------------+-------------+----------------------+
; COMPILER_SIGNATURE_ID              ; 180649685181072.169434957012400                                                       ; --            ; --          ; --                   ;
; EDA_DESIGN_ENTRY_SYNTHESIS_TOOL    ; Design Compiler                                                                       ; <None>        ; --          ; --                   ;
; EDA_INPUT_DATA_FORMAT              ; Edif                                                                                  ; --            ; --          ; eda_design_synthesis ;
; EDA_INPUT_VCC_NAME                 ; Vdd                                                                                   ; --            ; --          ; eda_design_synthesis ;
; EDA_LMF_FILE                       ; altsyn.lmf                                                                            ; --            ; --          ; eda_design_synthesis ;
; EDA_OUTPUT_DATA_FORMAT             ; Verilog                                                                               ; --            ; --          ; eda_simulation       ;
; EDA_OUTPUT_DATA_FORMAT             ; Verilog                                                                               ; --            ; --          ; eda_timing_analysis  ;
; EDA_SIMULATION_TOOL                ; Active-HDL (Verilog)                                                                  ; <None>        ; --          ; --                   ;
; EDA_TIME_SCALE                     ; 1 ps                                                                                  ; --            ; --          ; eda_simulation       ;
; EDA_TIMING_ANALYSIS_TOOL           ; PrimeTime (Verilog)                                                                   ; <None>        ; --          ; --                   ;
; MAX_CORE_JUNCTION_TEMP             ; 85                                                                                    ; --            ; --          ; --                   ;
; MIN_CORE_JUNCTION_TEMP             ; 0                                                                                     ; --            ; --          ; --                   ;
; MISC_FILE                          ; C:/Users/u/OneDrive - BUET/BUET/L-3 T-2/EEE 304/Project/Latest Code/votingMachine.dpf ; --            ; --          ; --                   ;
; USE_GENERATED_PHYSICAL_CONSTRAINTS ; Off                                                                                   ; --            ; --          ; eda_blast_fpga       ;
+------------------------------------+---------------------------------------------------------------------------------------+---------------+-------------+----------------------+


+-----------------------------------------------------------------------------------------------------------------------------+
; Flow Elapsed Time                                                                                                           ;
+-------------------------+--------------+-------------------------+---------------------+------------------------------------+
; Module Name             ; Elapsed Time ; Average Processors Used ; Peak Virtual Memory ; Total CPU Time (on all processors) ;
+-------------------------+--------------+-------------------------+---------------------+------------------------------------+
; Analysis & Synthesis    ; 00:00:06     ; 1.0                     ; 222 MB              ; 00:00:05                           ;
; Fitter                  ; 00:00:08     ; 1.0                     ; 212 MB              ; 00:00:08                           ;
; Assembler               ; 00:00:01     ; 1.0                     ; 200 MB              ; 00:00:00                           ;
; Classic Timing Analyzer ; 00:00:01     ; 1.0                     ; 169 MB              ; 00:00:01                           ;
; EDA Netlist Writer      ; 00:00:01     ; 1.0                     ; 161 MB              ; 00:00:01                           ;
; Total                   ; 00:00:17     ; --                      ; --                  ; 00:00:15                           ;
+-------------------------+--------------+-------------------------+---------------------+------------------------------------+


+------------------------------------------------------------------------------------------+
; Flow OS Summary                                                                          ;
+-------------------------+------------------+---------------+------------+----------------+
; Module Name             ; Machine Hostname ; OS Name       ; OS Version ; Processor type ;
+-------------------------+------------------+---------------+------------+----------------+
; Analysis & Synthesis    ; LAPTOP-Bihan     ; Windows Vista ; 6.2        ; x86_64         ;
; Fitter                  ; LAPTOP-Bihan     ; Windows Vista ; 6.2        ; x86_64         ;
; Assembler               ; LAPTOP-Bihan     ; Windows Vista ; 6.2        ; x86_64         ;
; Classic Timing Analyzer ; LAPTOP-Bihan     ; Windows Vista ; 6.2        ; x86_64         ;
; EDA Netlist Writer      ; LAPTOP-Bihan     ; Windows Vista ; 6.2        ; x86_64         ;
+-------------------------+------------------+---------------+------------+----------------+


------------
; Flow Log ;
------------
quartus_map --read_settings_files=on --write_settings_files=off votingMachine -c votingMachine
quartus_fit --read_settings_files=off --write_settings_files=off votingMachine -c votingMachine
quartus_asm --read_settings_files=off --write_settings_files=off votingMachine -c votingMachine
quartus_tan --read_settings_files=off --write_settings_files=off votingMachine -c votingMachine
quartus_eda --read_settings_files=off --write_settings_files=off votingMachine -c votingMachine



