Analysis & Synthesis report for votingMachine
Sun Sep 10 18:39:36 2023
Quartus II Version 8.1 Build 163 10/28/2008 SJ Web Edition


---------------------
; Table of Contents ;
---------------------
  1. Legal Notice
  2. Analysis & Synthesis Summary
  3. Analysis & Synthesis Settings
  4. Analysis & Synthesis Source Files Read
  5. Analysis & Synthesis Resource Usage Summary
  6. Analysis & Synthesis Resource Utilization by Entity
  7. General Register Statistics
  8. Inverted Register Statistics
  9. Source assignments for voteLogger:VL|lpm_counter:cand1_vote_recvd_rtl_0
 10. Source assignments for voteLogger:VL|lpm_counter:cand2_vote_recvd_rtl_1
 11. Source assignments for voteLogger:VL|lpm_counter:cand3_vote_recvd_rtl_2
 12. Source assignments for buttonControl:bc1|lpm_add_sub:Add0|addcore:adder
 13. Source assignments for buttonControl:bc2|lpm_add_sub:Add0|addcore:adder
 14. Source assignments for buttonControl:bc3|lpm_add_sub:Add0|addcore:adder
 15. Parameter Settings for Inferred Entity Instance: voteLogger:VL|lpm_counter:cand1_vote_recvd_rtl_0
 16. Parameter Settings for Inferred Entity Instance: voteLogger:VL|lpm_counter:cand2_vote_recvd_rtl_1
 17. Parameter Settings for Inferred Entity Instance: voteLogger:VL|lpm_counter:cand3_vote_recvd_rtl_2
 18. Parameter Settings for Inferred Entity Instance: modeControl:MC|digitsDisplay:display_votes|lpm_divide:Mod0
 19. Parameter Settings for Inferred Entity Instance: modeControl:MC|digitsDisplay:display_votes|lpm_divide:Div0
 20. Parameter Settings for Inferred Entity Instance: buttonControl:bc1|lpm_add_sub:Add0
 21. Parameter Settings for Inferred Entity Instance: buttonControl:bc2|lpm_add_sub:Add0
 22. Parameter Settings for Inferred Entity Instance: buttonControl:bc3|lpm_add_sub:Add0
 23. Analysis & Synthesis Messages
 24. Analysis & Synthesis Suppressed Messages



----------------
; Legal Notice ;
----------------
Copyright (C) 1991-2008 Altera Corporation
Your use of Altera Corporation's design tools, logic functions 
and other software and tools, and its AMPP partner logic 
functions, and any output files from any of the foregoing 
(including device programming or simulation files), and any 
associated documentation or information are expressly subject 
to the terms and conditions of the Altera Program License 
Subscription Agreement, Altera MegaCore Function License 
Agreement, or other applicable license agreement, including, 
without limitation, that your use is for the sole purpose of 
programming logic devices manufactured by Altera and sold by 
Altera or its authorized distributors.  Please refer to the 
applicable agreement for further details.



+-----------------------------------------------------------------------+
; Analysis & Synthesis Summary                                          ;
+-----------------------------+-----------------------------------------+
; Analysis & Synthesis Status ; Successful - Sun Sep 10 18:39:36 2023   ;
; Quartus II Version          ; 8.1 Build 163 10/28/2008 SJ Web Edition ;
; Revision Name               ; votingMachine                           ;
; Top-level Entity Name       ; votingMachine                           ;
; Family                      ; FLEX10K                                 ;
; Total logic elements        ; 832                                     ;
; Total pins                  ; 33                                      ;
; Total memory bits           ; 0                                       ;
+-----------------------------+-----------------------------------------+


+--------------------------------------------------------------------------------------------------+
; Analysis & Synthesis Settings                                                                    ;
+----------------------------------------------------------------+-----------------+---------------+
; Option                                                         ; Setting         ; Default Value ;
+----------------------------------------------------------------+-----------------+---------------+
; Device                                                         ; EPF10K70RC240-4 ;               ;
; Top-level entity name                                          ; votingMachine   ; votingMachine ;
; Family name                                                    ; FLEX10K         ; Stratix II    ;
; Type of Retiming Performed During Resynthesis                  ; Full            ;               ;
; Resynthesis Optimization Effort                                ; Normal          ;               ;
; Physical Synthesis Level for Resynthesis                       ; Normal          ;               ;
; Use Generated Physical Constraints File                        ; On              ;               ;
; Use smart compilation                                          ; Off             ; Off           ;
; Create Debugging Nodes for IP Cores                            ; Off             ; Off           ;
; Preserve fewer node names                                      ; On              ; On            ;
; Disable OpenCore Plus hardware evaluation                      ; Off             ; Off           ;
; Verilog Version                                                ; Verilog_2001    ; Verilog_2001  ;
; VHDL Version                                                   ; VHDL93          ; VHDL93        ;
; State Machine Processing                                       ; Auto            ; Auto          ;
; Safe State Machine                                             ; Off             ; Off           ;
; Extract Verilog State Machines                                 ; On              ; On            ;
; Extract VHDL State Machines                                    ; On              ; On            ;
; Ignore Verilog initial constructs                              ; Off             ; Off           ;
; Iteration limit for constant Verilog loops                     ; 5000            ; 5000          ;
; Iteration limit for non-constant Verilog loops                 ; 250             ; 250           ;
; Add Pass-Through Logic to Inferred RAMs                        ; On              ; On            ;
; Parallel Synthesis                                             ; Off             ; Off           ;
; NOT Gate Push-Back                                             ; On              ; On            ;
; Power-Up Don't Care                                            ; On              ; On            ;
; Remove Redundant Logic Cells                                   ; Off             ; Off           ;
; Remove Duplicate Registers                                     ; On              ; On            ;
; Ignore CARRY Buffers                                           ; Off             ; Off           ;
; Ignore CASCADE Buffers                                         ; Off             ; Off           ;
; Ignore GLOBAL Buffers                                          ; Off             ; Off           ;
; Ignore ROW GLOBAL Buffers                                      ; Off             ; Off           ;
; Ignore LCELL Buffers                                           ; Off             ; Off           ;
; Ignore SOFT Buffers                                            ; On              ; On            ;
; Limit AHDL Integers to 32 Bits                                 ; Off             ; Off           ;
; Auto Implement in ROM                                          ; Off             ; Off           ;
; Optimization Technique                                         ; Area            ; Area          ;
; Carry Chain Length                                             ; 32              ; 32            ;
; Cascade Chain Length                                           ; 2               ; 2             ;
; Auto Carry Chains                                              ; On              ; On            ;
; Auto Open-Drain Pins                                           ; On              ; On            ;
; Auto ROM Replacement                                           ; On              ; On            ;
; Auto RAM Replacement                                           ; On              ; On            ;
; Auto Clock Enable Replacement                                  ; On              ; On            ;
; Strict RAM Replacement                                         ; Off             ; Off           ;
; Auto Resource Sharing                                          ; Off             ; Off           ;
; Allow Any RAM Size For Recognition                             ; Off             ; Off           ;
; Allow Any ROM Size For Recognition                             ; Off             ; Off           ;
; Use LogicLock Constraints during Resource Balancing            ; On              ; On            ;
; Ignore translate_off and synthesis_off directives              ; Off             ; Off           ;
; Show Parameter Settings Tables in Synthesis Report             ; On              ; On            ;
; HDL message level                                              ; Level2          ; Level2        ;
; Suppress Register Optimization Related Messages                ; Off             ; Off           ;
; Number of Removed Registers Reported in Synthesis Report       ; 100             ; 100           ;
; Number of Inverted Registers Reported in Synthesis Report      ; 100             ; 100           ;
; Block Design Naming                                            ; Auto            ; Auto          ;
; Synthesis Effort                                               ; Auto            ; Auto          ;
; Allows Asynchronous Clear Usage For Shift Register Replacement ; On              ; On            ;
; Analysis & Synthesis Message Level                             ; Medium          ; Medium        ;
+----------------------------------------------------------------+-----------------+---------------+


+------------------------------------------------------------------------------------------------------------------------------------------------------------------------------------+
; Analysis & Synthesis Source Files Read                                                                                                                                             ;
+----------------------------------+-----------------+------------------------------+------------------------------------------------------------------------------------------------+
; File Name with User-Entered Path ; Used in Netlist ; File Type                    ; File Name with Absolute Path                                                                   ;
+----------------------------------+-----------------+------------------------------+------------------------------------------------------------------------------------------------+
; authentication.v                 ; yes             ; User Verilog HDL File        ; C:/Users/u/OneDrive - BUET/BUET/L-3 T-2/EEE 304/Project/Latest Code/authentication.v           ;
; buttonControl.v                  ; yes             ; User Verilog HDL File        ; C:/Users/u/OneDrive - BUET/BUET/L-3 T-2/EEE 304/Project/Latest Code/buttonControl.v            ;
; modeControl.v                    ; yes             ; User Verilog HDL File        ; C:/Users/u/OneDrive - BUET/BUET/L-3 T-2/EEE 304/Project/Latest Code/modeControl.v              ;
; voteLogger.v                     ; yes             ; User Verilog HDL File        ; C:/Users/u/OneDrive - BUET/BUET/L-3 T-2/EEE 304/Project/Latest Code/voteLogger.v               ;
; votingMachine.v                  ; yes             ; User Verilog HDL File        ; C:/Users/u/OneDrive - BUET/BUET/L-3 T-2/EEE 304/Project/Latest Code/votingMachine.v            ;
; digitsDisplay.v                  ; yes             ; User Verilog HDL File        ; C:/Users/u/OneDrive - BUET/BUET/L-3 T-2/EEE 304/Project/Latest Code/digitsDisplay.v            ;
; lpm_counter.tdf                  ; yes             ; Megafunction                 ; c:/altera/81/quartus/libraries/megafunctions/lpm_counter.tdf                                   ;
; lpm_constant.inc                 ; yes             ; Megafunction                 ; c:/altera/81/quartus/libraries/megafunctions/lpm_constant.inc                                  ;
; lpm_decode.inc                   ; yes             ; Megafunction                 ; c:/altera/81/quartus/libraries/megafunctions/lpm_decode.inc                                    ;
; lpm_add_sub.inc                  ; yes             ; Megafunction                 ; c:/altera/81/quartus/libraries/megafunctions/lpm_add_sub.inc                                   ;
; cmpconst.inc                     ; yes             ; Megafunction                 ; c:/altera/81/quartus/libraries/megafunctions/cmpconst.inc                                      ;
; lpm_compare.inc                  ; yes             ; Megafunction                 ; c:/altera/81/quartus/libraries/megafunctions/lpm_compare.inc                                   ;
; lpm_counter.inc                  ; yes             ; Megafunction                 ; c:/altera/81/quartus/libraries/megafunctions/lpm_counter.inc                                   ;
; dffeea.inc                       ; yes             ; Megafunction                 ; c:/altera/81/quartus/libraries/megafunctions/dffeea.inc                                        ;
; alt_synch_counter.inc            ; yes             ; Megafunction                 ; c:/altera/81/quartus/libraries/megafunctions/alt_synch_counter.inc                             ;
; alt_synch_counter_f.inc          ; yes             ; Megafunction                 ; c:/altera/81/quartus/libraries/megafunctions/alt_synch_counter_f.inc                           ;
; alt_counter_f10ke.inc            ; yes             ; Megafunction                 ; c:/altera/81/quartus/libraries/megafunctions/alt_counter_f10ke.inc                             ;
; alt_counter_stratix.inc          ; yes             ; Megafunction                 ; c:/altera/81/quartus/libraries/megafunctions/alt_counter_stratix.inc                           ;
; aglobal81.inc                    ; yes             ; Megafunction                 ; c:/altera/81/quartus/libraries/megafunctions/aglobal81.inc                                     ;
; alt_counter_f10ke.tdf            ; yes             ; Megafunction                 ; c:/altera/81/quartus/libraries/megafunctions/alt_counter_f10ke.tdf                             ;
; flex10ke_lcell.inc               ; yes             ; Megafunction                 ; c:/altera/81/quartus/libraries/megafunctions/flex10ke_lcell.inc                                ;
; lpm_divide.tdf                   ; yes             ; Megafunction                 ; c:/altera/81/quartus/libraries/megafunctions/lpm_divide.tdf                                    ;
; abs_divider.inc                  ; yes             ; Megafunction                 ; c:/altera/81/quartus/libraries/megafunctions/abs_divider.inc                                   ;
; sign_div_unsign.inc              ; yes             ; Megafunction                 ; c:/altera/81/quartus/libraries/megafunctions/sign_div_unsign.inc                               ;
; db/lpm_divide_kpl.tdf            ; yes             ; Auto-Generated Megafunction  ; C:/Users/u/OneDrive - BUET/BUET/L-3 T-2/EEE 304/Project/Latest Code/db/lpm_divide_kpl.tdf      ;
; db/sign_div_unsign_6kh.tdf       ; yes             ; Auto-Generated Megafunction  ; C:/Users/u/OneDrive - BUET/BUET/L-3 T-2/EEE 304/Project/Latest Code/db/sign_div_unsign_6kh.tdf ;
; db/alt_u_div_eke.tdf             ; yes             ; Auto-Generated Megafunction  ; C:/Users/u/OneDrive - BUET/BUET/L-3 T-2/EEE 304/Project/Latest Code/db/alt_u_div_eke.tdf       ;
; db/add_sub_a9c.tdf               ; yes             ; Auto-Generated Megafunction  ; C:/Users/u/OneDrive - BUET/BUET/L-3 T-2/EEE 304/Project/Latest Code/db/add_sub_a9c.tdf         ;
; db/add_sub_b9c.tdf               ; yes             ; Auto-Generated Megafunction  ; C:/Users/u/OneDrive - BUET/BUET/L-3 T-2/EEE 304/Project/Latest Code/db/add_sub_b9c.tdf         ;
; db/add_sub_c9c.tdf               ; yes             ; Auto-Generated Megafunction  ; C:/Users/u/OneDrive - BUET/BUET/L-3 T-2/EEE 304/Project/Latest Code/db/add_sub_c9c.tdf         ;
; db/add_sub_d9c.tdf               ; yes             ; Auto-Generated Megafunction  ; C:/Users/u/OneDrive - BUET/BUET/L-3 T-2/EEE 304/Project/Latest Code/db/add_sub_d9c.tdf         ;
; db/add_sub_e9c.tdf               ; yes             ; Auto-Generated Megafunction  ; C:/Users/u/OneDrive - BUET/BUET/L-3 T-2/EEE 304/Project/Latest Code/db/add_sub_e9c.tdf         ;
; db/lpm_divide_h1m.tdf            ; yes             ; Auto-Generated Megafunction  ; C:/Users/u/OneDrive - BUET/BUET/L-3 T-2/EEE 304/Project/Latest Code/db/lpm_divide_h1m.tdf      ;
; lpm_add_sub.tdf                  ; yes             ; Megafunction                 ; c:/altera/81/quartus/libraries/megafunctions/lpm_add_sub.tdf                                   ;
; addcore.inc                      ; yes             ; Megafunction                 ; c:/altera/81/quartus/libraries/megafunctions/addcore.inc                                       ;
; look_add.inc                     ; yes             ; Megafunction                 ; c:/altera/81/quartus/libraries/megafunctions/look_add.inc                                      ;
; bypassff.inc                     ; yes             ; Megafunction                 ; c:/altera/81/quartus/libraries/megafunctions/bypassff.inc                                      ;
; altshift.inc                     ; yes             ; Megafunction                 ; c:/altera/81/quartus/libraries/megafunctions/altshift.inc                                      ;
; alt_stratix_add_sub.inc          ; yes             ; Megafunction                 ; c:/altera/81/quartus/libraries/megafunctions/alt_stratix_add_sub.inc                           ;
; alt_mercury_add_sub.inc          ; yes             ; Megafunction                 ; c:/altera/81/quartus/libraries/megafunctions/alt_mercury_add_sub.inc                           ;
; addcore.tdf                      ; yes             ; Megafunction                 ; c:/altera/81/quartus/libraries/megafunctions/addcore.tdf                                       ;
; a_csnbuffer.inc                  ; yes             ; Megafunction                 ; c:/altera/81/quartus/libraries/megafunctions/a_csnbuffer.inc                                   ;
; a_csnbuffer.tdf                  ; yes             ; Megafunction                 ; c:/altera/81/quartus/libraries/megafunctions/a_csnbuffer.tdf                                   ;
; altshift.tdf                     ; yes             ; Megafunction                 ; c:/altera/81/quartus/libraries/megafunctions/altshift.tdf                                      ;
+----------------------------------+-----------------+------------------------------+------------------------------------------------------------------------------------------------+


+---------------------------------------------+
; Analysis & Synthesis Resource Usage Summary ;
+-----------------------------------+---------+
; Resource                          ; Usage   ;
+-----------------------------------+---------+
; Total logic elements              ; 832     ;
; Total combinational functions     ; 832     ;
;     -- Total 4-input functions    ; 559     ;
;     -- Total 3-input functions    ; 36      ;
;     -- Total 2-input functions    ; 143     ;
;     -- Total 1-input functions    ; 84      ;
;     -- Total 0-input functions    ; 10      ;
; Total registers                   ; 362     ;
; Total logic cells in carry chains ; 125     ;
; I/O pins                          ; 33      ;
; Maximum fan-out node              ; clock   ;
; Maximum fan-out                   ; 362     ;
; Total fan-out                     ; 3289    ;
; Average fan-out                   ; 3.80    ;
+-----------------------------------+---------+


+--------------------------------------------------------------------------------------------------------------------------------------------------------------------------------------------------------------------------------------------------------------------------------------------------------------------------------------------------------------------------------------+
; Analysis & Synthesis Resource Utilization by Entity                                                                                                                                                                                                                                                                                                                                  ;
+----------------------------------------------+-------------+--------------+-------------+------+--------------+-------------------+------------------+-----------------+------------+---------------------------------------------------------------------------------------------------------------------------------------------------------------------------------+--------------+
; Compilation Hierarchy Node                   ; Logic Cells ; LC Registers ; Memory Bits ; Pins ; LUT-Only LCs ; Register-Only LCs ; LUT/Register LCs ; Carry Chain LCs ; Packed LCs ; Full Hierarchy Name                                                                                                                                                             ; Library Name ;
+----------------------------------------------+-------------+--------------+-------------+------+--------------+-------------------+------------------+-----------------+------------+---------------------------------------------------------------------------------------------------------------------------------------------------------------------------------+--------------+
; |votingMachine                               ; 832 (173)   ; 362          ; 0           ; 33   ; 470 (173)    ; 0 (0)             ; 362 (0)          ; 125 (0)         ; 0 (0)      ; |votingMachine                                                                                                                                                                  ; work         ;
;    |authentication:auth|                     ; 307 (307)   ; 256          ; 0           ; 0    ; 51 (51)      ; 0 (0)             ; 256 (256)        ; 0 (0)           ; 0 (0)      ; |votingMachine|authentication:auth                                                                                                                                              ; work         ;
;    |buttonControl:bc1|                       ; 64 (40)     ; 26           ; 0           ; 0    ; 38 (14)      ; 0 (0)             ; 26 (26)          ; 25 (1)          ; 0 (0)      ; |votingMachine|buttonControl:bc1                                                                                                                                                ; work         ;
;       |lpm_add_sub:Add0|                     ; 24 (0)      ; 0            ; 0           ; 0    ; 24 (0)       ; 0 (0)             ; 0 (0)            ; 24 (0)          ; 0 (0)      ; |votingMachine|buttonControl:bc1|lpm_add_sub:Add0                                                                                                                               ; work         ;
;          |addcore:adder|                     ; 24 (1)      ; 0            ; 0           ; 0    ; 24 (1)       ; 0 (0)             ; 0 (0)            ; 24 (1)          ; 0 (0)      ; |votingMachine|buttonControl:bc1|lpm_add_sub:Add0|addcore:adder                                                                                                                 ; work         ;
;             |a_csnbuffer:result_node|        ; 23 (23)     ; 0            ; 0           ; 0    ; 23 (23)      ; 0 (0)             ; 0 (0)            ; 23 (23)         ; 0 (0)      ; |votingMachine|buttonControl:bc1|lpm_add_sub:Add0|addcore:adder|a_csnbuffer:result_node                                                                                         ; work         ;
;    |buttonControl:bc2|                       ; 64 (40)     ; 26           ; 0           ; 0    ; 38 (14)      ; 0 (0)             ; 26 (26)          ; 25 (1)          ; 0 (0)      ; |votingMachine|buttonControl:bc2                                                                                                                                                ; work         ;
;       |lpm_add_sub:Add0|                     ; 24 (0)      ; 0            ; 0           ; 0    ; 24 (0)       ; 0 (0)             ; 0 (0)            ; 24 (0)          ; 0 (0)      ; |votingMachine|buttonControl:bc2|lpm_add_sub:Add0                                                                                                                               ; work         ;
;          |addcore:adder|                     ; 24 (1)      ; 0            ; 0           ; 0    ; 24 (1)       ; 0 (0)             ; 0 (0)            ; 24 (1)          ; 0 (0)      ; |votingMachine|buttonControl:bc2|lpm_add_sub:Add0|addcore:adder                                                                                                                 ; work         ;
;             |a_csnbuffer:result_node|        ; 23 (23)     ; 0            ; 0           ; 0    ; 23 (23)      ; 0 (0)             ; 0 (0)            ; 23 (23)         ; 0 (0)      ; |votingMachine|buttonControl:bc2|lpm_add_sub:Add0|addcore:adder|a_csnbuffer:result_node                                                                                         ; work         ;
;    |buttonControl:bc3|                       ; 65 (41)     ; 26           ; 0           ; 0    ; 39 (15)      ; 0 (0)             ; 26 (26)          ; 25 (1)          ; 0 (0)      ; |votingMachine|buttonControl:bc3                                                                                                                                                ; work         ;
;       |lpm_add_sub:Add0|                     ; 24 (0)      ; 0            ; 0           ; 0    ; 24 (0)       ; 0 (0)             ; 0 (0)            ; 24 (0)          ; 0 (0)      ; |votingMachine|buttonControl:bc3|lpm_add_sub:Add0                                                                                                                               ; work         ;
;          |addcore:adder|                     ; 24 (1)      ; 0            ; 0           ; 0    ; 24 (1)       ; 0 (0)             ; 0 (0)            ; 24 (1)          ; 0 (0)      ; |votingMachine|buttonControl:bc3|lpm_add_sub:Add0|addcore:adder                                                                                                                 ; work         ;
;             |a_csnbuffer:result_node|        ; 23 (23)     ; 0            ; 0           ; 0    ; 23 (23)      ; 0 (0)             ; 0 (0)            ; 23 (23)         ; 0 (0)      ; |votingMachine|buttonControl:bc3|lpm_add_sub:Add0|addcore:adder|a_csnbuffer:result_node                                                                                         ; work         ;
;    |modeControl:MC|                          ; 134 (26)    ; 7            ; 0           ; 0    ; 127 (19)     ; 0 (0)             ; 7 (7)            ; 29 (0)          ; 0 (0)      ; |votingMachine|modeControl:MC                                                                                                                                                   ; work         ;
;       |digitsDisplay:display_votes|          ; 108 (29)    ; 0            ; 0           ; 0    ; 108 (29)     ; 0 (0)             ; 0 (0)            ; 29 (0)          ; 0 (0)      ; |votingMachine|modeControl:MC|digitsDisplay:display_votes                                                                                                                       ; work         ;
;          |lpm_divide:Div0|                   ; 37 (0)      ; 0            ; 0           ; 0    ; 37 (0)       ; 0 (0)             ; 0 (0)            ; 19 (0)          ; 0 (0)      ; |votingMachine|modeControl:MC|digitsDisplay:display_votes|lpm_divide:Div0                                                                                                       ; work         ;
;             |lpm_divide_h1m:auto_generated|  ; 37 (0)      ; 0            ; 0           ; 0    ; 37 (0)       ; 0 (0)             ; 0 (0)            ; 19 (0)          ; 0 (0)      ; |votingMachine|modeControl:MC|digitsDisplay:display_votes|lpm_divide:Div0|lpm_divide_h1m:auto_generated                                                                         ; work         ;
;                |sign_div_unsign_6kh:divider| ; 37 (0)      ; 0            ; 0           ; 0    ; 37 (0)       ; 0 (0)             ; 0 (0)            ; 19 (0)          ; 0 (0)      ; |votingMachine|modeControl:MC|digitsDisplay:display_votes|lpm_divide:Div0|lpm_divide_h1m:auto_generated|sign_div_unsign_6kh:divider                                             ; work         ;
;                   |alt_u_div_eke:divider|    ; 37 (18)     ; 0            ; 0           ; 0    ; 37 (18)      ; 0 (0)             ; 0 (0)            ; 19 (0)          ; 0 (0)      ; |votingMachine|modeControl:MC|digitsDisplay:display_votes|lpm_divide:Div0|lpm_divide_h1m:auto_generated|sign_div_unsign_6kh:divider|alt_u_div_eke:divider                       ; work         ;
;                      |add_sub_d9c:add_sub_3| ; 4 (4)       ; 0            ; 0           ; 0    ; 4 (4)        ; 0 (0)             ; 0 (0)            ; 4 (4)           ; 0 (0)      ; |votingMachine|modeControl:MC|digitsDisplay:display_votes|lpm_divide:Div0|lpm_divide_h1m:auto_generated|sign_div_unsign_6kh:divider|alt_u_div_eke:divider|add_sub_d9c:add_sub_3 ; work         ;
;                      |add_sub_e9c:add_sub_4| ; 5 (5)       ; 0            ; 0           ; 0    ; 5 (5)        ; 0 (0)             ; 0 (0)            ; 5 (5)           ; 0 (0)      ; |votingMachine|modeControl:MC|digitsDisplay:display_votes|lpm_divide:Div0|lpm_divide_h1m:auto_generated|sign_div_unsign_6kh:divider|alt_u_div_eke:divider|add_sub_e9c:add_sub_4 ; work         ;
;                      |add_sub_e9c:add_sub_5| ; 5 (5)       ; 0            ; 0           ; 0    ; 5 (5)        ; 0 (0)             ; 0 (0)            ; 5 (5)           ; 0 (0)      ; |votingMachine|modeControl:MC|digitsDisplay:display_votes|lpm_divide:Div0|lpm_divide_h1m:auto_generated|sign_div_unsign_6kh:divider|alt_u_div_eke:divider|add_sub_e9c:add_sub_5 ; work         ;
;                      |add_sub_e9c:add_sub_6| ; 5 (5)       ; 0            ; 0           ; 0    ; 5 (5)        ; 0 (0)             ; 0 (0)            ; 5 (5)           ; 0 (0)      ; |votingMachine|modeControl:MC|digitsDisplay:display_votes|lpm_divide:Div0|lpm_divide_h1m:auto_generated|sign_div_unsign_6kh:divider|alt_u_div_eke:divider|add_sub_e9c:add_sub_6 ; work         ;
;          |lpm_divide:Mod0|                   ; 42 (0)      ; 0            ; 0           ; 0    ; 42 (0)       ; 0 (0)             ; 0 (0)            ; 10 (0)          ; 0 (0)      ; |votingMachine|modeControl:MC|digitsDisplay:display_votes|lpm_divide:Mod0                                                                                                       ; work         ;
;             |lpm_divide_kpl:auto_generated|  ; 42 (0)      ; 0            ; 0           ; 0    ; 42 (0)       ; 0 (0)             ; 0 (0)            ; 10 (0)          ; 0 (0)      ; |votingMachine|modeControl:MC|digitsDisplay:display_votes|lpm_divide:Mod0|lpm_divide_kpl:auto_generated                                                                         ; work         ;
;                |sign_div_unsign_6kh:divider| ; 42 (0)      ; 0            ; 0           ; 0    ; 42 (0)       ; 0 (0)             ; 0 (0)            ; 10 (0)          ; 0 (0)      ; |votingMachine|modeControl:MC|digitsDisplay:display_votes|lpm_divide:Mod0|lpm_divide_kpl:auto_generated|sign_div_unsign_6kh:divider                                             ; work         ;
;                   |alt_u_div_eke:divider|    ; 42 (20)     ; 0            ; 0           ; 0    ; 42 (20)      ; 0 (0)             ; 0 (0)            ; 10 (0)          ; 0 (0)      ; |votingMachine|modeControl:MC|digitsDisplay:display_votes|lpm_divide:Mod0|lpm_divide_kpl:auto_generated|sign_div_unsign_6kh:divider|alt_u_div_eke:divider                       ; work         ;
;                      |add_sub_d9c:add_sub_3| ; 5 (5)       ; 0            ; 0           ; 0    ; 5 (5)        ; 0 (0)             ; 0 (0)            ; 0 (0)           ; 0 (0)      ; |votingMachine|modeControl:MC|digitsDisplay:display_votes|lpm_divide:Mod0|lpm_divide_kpl:auto_generated|sign_div_unsign_6kh:divider|alt_u_div_eke:divider|add_sub_d9c:add_sub_3 ; work         ;
;                      |add_sub_e9c:add_sub_4| ; 7 (7)       ; 0            ; 0           ; 0    ; 7 (7)        ; 0 (0)             ; 0 (0)            ; 0 (0)           ; 0 (0)      ; |votingMachine|modeControl:MC|digitsDisplay:display_votes|lpm_divide:Mod0|lpm_divide_kpl:auto_generated|sign_div_unsign_6kh:divider|alt_u_div_eke:divider|add_sub_e9c:add_sub_4 ; work         ;
;                      |add_sub_e9c:add_sub_5| ; 5 (5)       ; 0            ; 0           ; 0    ; 5 (5)        ; 0 (0)             ; 0 (0)            ; 5 (5)           ; 0 (0)      ; |votingMachine|modeControl:MC|digitsDisplay:display_votes|lpm_divide:Mod0|lpm_divide_kpl:auto_generated|sign_div_unsign_6kh:divider|alt_u_div_eke:divider|add_sub_e9c:add_sub_5 ; work         ;
;                      |add_sub_e9c:add_sub_6| ; 5 (5)       ; 0            ; 0           ; 0    ; 5 (5)        ; 0 (0)             ; 0 (0)            ; 5 (5)           ; 0 (0)      ; |votingMachine|modeControl:MC|digitsDisplay:display_votes|lpm_divide:Mod0|lpm_divide_kpl:auto_generated|sign_div_unsign_6kh:divider|alt_u_div_eke:divider|add_sub_e9c:add_sub_6 ; work         ;
;    |voteLogger:VL|                           ; 25 (1)      ; 21           ; 0           ; 0    ; 4 (1)        ; 0 (0)             ; 21 (0)           ; 21 (0)          ; 0 (0)      ; |votingMachine|voteLogger:VL                                                                                                                                                    ; work         ;
;       |lpm_counter:cand1_vote_recvd_rtl_0|   ; 7 (0)       ; 7            ; 0           ; 0    ; 0 (0)        ; 0 (0)             ; 7 (0)            ; 7 (0)           ; 0 (0)      ; |votingMachine|voteLogger:VL|lpm_counter:cand1_vote_recvd_rtl_0                                                                                                                 ; work         ;
;          |alt_counter_f10ke:wysi_counter|    ; 7 (7)       ; 7            ; 0           ; 0    ; 0 (0)        ; 0 (0)             ; 7 (7)            ; 7 (7)           ; 0 (0)      ; |votingMachine|voteLogger:VL|lpm_counter:cand1_vote_recvd_rtl_0|alt_counter_f10ke:wysi_counter                                                                                  ; work         ;
;       |lpm_counter:cand2_vote_recvd_rtl_1|   ; 8 (0)       ; 7            ; 0           ; 0    ; 1 (0)        ; 0 (0)             ; 7 (0)            ; 7 (0)           ; 0 (0)      ; |votingMachine|voteLogger:VL|lpm_counter:cand2_vote_recvd_rtl_1                                                                                                                 ; work         ;
;          |alt_counter_f10ke:wysi_counter|    ; 8 (8)       ; 7            ; 0           ; 0    ; 1 (1)        ; 0 (0)             ; 7 (7)            ; 7 (7)           ; 0 (0)      ; |votingMachine|voteLogger:VL|lpm_counter:cand2_vote_recvd_rtl_1|alt_counter_f10ke:wysi_counter                                                                                  ; work         ;
;       |lpm_counter:cand3_vote_recvd_rtl_2|   ; 9 (0)       ; 7            ; 0           ; 0    ; 2 (0)        ; 0 (0)             ; 7 (0)            ; 7 (0)           ; 0 (0)      ; |votingMachine|voteLogger:VL|lpm_counter:cand3_vote_recvd_rtl_2                                                                                                                 ; work         ;
;          |alt_counter_f10ke:wysi_counter|    ; 9 (9)       ; 7            ; 0           ; 0    ; 2 (2)        ; 0 (0)             ; 7 (7)            ; 7 (7)           ; 0 (0)      ; |votingMachine|voteLogger:VL|lpm_counter:cand3_vote_recvd_rtl_2|alt_counter_f10ke:wysi_counter                                                                                  ; work         ;
+----------------------------------------------+-------------+--------------+-------------+------+--------------+-------------------+------------------+-----------------+------------+---------------------------------------------------------------------------------------------------------------------------------------------------------------------------------+--------------+
Note: For table entries with two numbers listed, the numbers in parentheses indicate the number of resources of the given type used by the specific entity alone. The numbers listed outside of parentheses indicate the total resources of the given type used by the specific entity and all of its sub-entities in the hierarchy.


+------------------------------------------------------+
; General Register Statistics                          ;
+----------------------------------------------+-------+
; Statistic                                    ; Value ;
+----------------------------------------------+-------+
; Total registers                              ; 362   ;
; Number of registers using Synchronous Clear  ; 24    ;
; Number of registers using Synchronous Load   ; 3     ;
; Number of registers using Asynchronous Clear ; 0     ;
; Number of registers using Asynchronous Load  ; 0     ;
; Number of registers using Clock Enable       ; 72    ;
; Number of registers using Preset             ; 0     ;
+----------------------------------------------+-------+


+--------------------------------------------------+
; Inverted Register Statistics                     ;
+----------------------------------------+---------+
; Inverted Register                      ; Fan out ;
+----------------------------------------+---------+
; modeControl:MC|num[5]                  ; 19      ;
; modeControl:MC|num[6]                  ; 17      ;
; modeControl:MC|num[2]                  ; 7       ;
; Total number of inverted registers = 3 ;         ;
+----------------------------------------+---------+


+-------------------------------------------------------------------------+
; Source assignments for voteLogger:VL|lpm_counter:cand1_vote_recvd_rtl_0 ;
+---------------------------+-------+------+------------------------------+
; Assignment                ; Value ; From ; To                           ;
+---------------------------+-------+------+------------------------------+
; SUPPRESS_DA_RULE_INTERNAL ; a101  ; -    ; -                            ;
; SUPPRESS_DA_RULE_INTERNAL ; s102  ; -    ; -                            ;
; SUPPRESS_DA_RULE_INTERNAL ; s103  ; -    ; -                            ;
+---------------------------+-------+------+------------------------------+


+-------------------------------------------------------------------------+
; Source assignments for voteLogger:VL|lpm_counter:cand2_vote_recvd_rtl_1 ;
+---------------------------+-------+------+------------------------------+
; Assignment                ; Value ; From ; To                           ;
+---------------------------+-------+------+------------------------------+
; SUPPRESS_DA_RULE_INTERNAL ; a101  ; -    ; -                            ;
; SUPPRESS_DA_RULE_INTERNAL ; s102  ; -    ; -                            ;
; SUPPRESS_DA_RULE_INTERNAL ; s103  ; -    ; -                            ;
+---------------------------+-------+------+------------------------------+


+-------------------------------------------------------------------------+
; Source assignments for voteLogger:VL|lpm_counter:cand3_vote_recvd_rtl_2 ;
+---------------------------+-------+------+------------------------------+
; Assignment                ; Value ; From ; To                           ;
+---------------------------+-------+------+------------------------------+
; SUPPRESS_DA_RULE_INTERNAL ; a101  ; -    ; -                            ;
; SUPPRESS_DA_RULE_INTERNAL ; s102  ; -    ; -                            ;
; SUPPRESS_DA_RULE_INTERNAL ; s103  ; -    ; -                            ;
+---------------------------+-------+------+------------------------------+


+-------------------------------------------------------------------------+
; Source assignments for buttonControl:bc1|lpm_add_sub:Add0|addcore:adder ;
+---------------------------+-------+------+------------------------------+
; Assignment                ; Value ; From ; To                           ;
+---------------------------+-------+------+------------------------------+
; SUPPRESS_DA_RULE_INTERNAL ; A103  ; -    ; -                            ;
+---------------------------+-------+------+------------------------------+


+-------------------------------------------------------------------------+
; Source assignments for buttonControl:bc2|lpm_add_sub:Add0|addcore:adder ;
+---------------------------+-------+------+------------------------------+
; Assignment                ; Value ; From ; To                           ;
+---------------------------+-------+------+------------------------------+
; SUPPRESS_DA_RULE_INTERNAL ; A103  ; -    ; -                            ;
+---------------------------+-------+------+------------------------------+


+-------------------------------------------------------------------------+
; Source assignments for buttonControl:bc3|lpm_add_sub:Add0|addcore:adder ;
+---------------------------+-------+------+------------------------------+
; Assignment                ; Value ; From ; To                           ;
+---------------------------+-------+------+------------------------------+
; SUPPRESS_DA_RULE_INTERNAL ; A103  ; -    ; -                            ;
+---------------------------+-------+------+------------------------------+


+---------------------------------------------------------------------------------------------------+
; Parameter Settings for Inferred Entity Instance: voteLogger:VL|lpm_counter:cand1_vote_recvd_rtl_0 ;
+------------------------+-------------------+------------------------------------------------------+
; Parameter Name         ; Value             ; Type                                                 ;
+------------------------+-------------------+------------------------------------------------------+
; AUTO_CARRY_CHAINS      ; ON                ; AUTO_CARRY                                           ;
; IGNORE_CARRY_BUFFERS   ; OFF               ; IGNORE_CARRY                                         ;
; AUTO_CASCADE_CHAINS    ; ON                ; AUTO_CASCADE                                         ;
; IGNORE_CASCADE_BUFFERS ; OFF               ; IGNORE_CASCADE                                       ;
; LPM_WIDTH              ; 7                 ; Untyped                                              ;
; LPM_DIRECTION          ; UP                ; Untyped                                              ;
; LPM_MODULUS            ; 0                 ; Untyped                                              ;
; LPM_AVALUE             ; UNUSED            ; Untyped                                              ;
; LPM_SVALUE             ; UNUSED            ; Untyped                                              ;
; LPM_PORT_UPDOWN        ; PORT_CONNECTIVITY ; Untyped                                              ;
; DEVICE_FAMILY          ; FLEX10K           ; Untyped                                              ;
; CARRY_CHAIN            ; MANUAL            ; Untyped                                              ;
; CARRY_CHAIN_LENGTH     ; 48                ; CARRY_CHAIN_LENGTH                                   ;
; NOT_GATE_PUSH_BACK     ; ON                ; NOT_GATE_PUSH_BACK                                   ;
; CARRY_CNT_EN           ; SMART             ; Untyped                                              ;
; LABWIDE_SCLR           ; ON                ; Untyped                                              ;
; USE_NEW_VERSION        ; TRUE              ; Untyped                                              ;
; CBXI_PARAMETER         ; NOTHING           ; Untyped                                              ;
+------------------------+-------------------+------------------------------------------------------+
Note: In order to hide this table in the UI and the text report file, please set the "Show Parameter Settings Tables in Synthesis Report" option in "Analysis and Synthesis Settings -> More Settings" to "Off".


+---------------------------------------------------------------------------------------------------+
; Parameter Settings for Inferred Entity Instance: voteLogger:VL|lpm_counter:cand2_vote_recvd_rtl_1 ;
+------------------------+-------------------+------------------------------------------------------+
; Parameter Name         ; Value             ; Type                                                 ;
+------------------------+-------------------+------------------------------------------------------+
; AUTO_CARRY_CHAINS      ; ON                ; AUTO_CARRY                                           ;
; IGNORE_CARRY_BUFFERS   ; OFF               ; IGNORE_CARRY                                         ;
; AUTO_CASCADE_CHAINS    ; ON                ; AUTO_CASCADE                                         ;
; IGNORE_CASCADE_BUFFERS ; OFF               ; IGNORE_CASCADE                                       ;
; LPM_WIDTH              ; 7                 ; Untyped                                              ;
; LPM_DIRECTION          ; UP                ; Untyped                                              ;
; LPM_MODULUS            ; 0                 ; Untyped                                              ;
; LPM_AVALUE             ; UNUSED            ; Untyped                                              ;
; LPM_SVALUE             ; UNUSED            ; Untyped                                              ;
; LPM_PORT_UPDOWN        ; PORT_CONNECTIVITY ; Untyped                                              ;
; DEVICE_FAMILY          ; FLEX10K           ; Untyped                                              ;
; CARRY_CHAIN            ; MANUAL            ; Untyped                                              ;
; CARRY_CHAIN_LENGTH     ; 48                ; CARRY_CHAIN_LENGTH                                   ;
; NOT_GATE_PUSH_BACK     ; ON                ; NOT_GATE_PUSH_BACK                                   ;
; CARRY_CNT_EN           ; SMART             ; Untyped                                              ;
; LABWIDE_SCLR           ; ON                ; Untyped                                              ;
; USE_NEW_VERSION        ; TRUE              ; Untyped                                              ;
; CBXI_PARAMETER         ; NOTHING           ; Untyped                                              ;
+------------------------+-------------------+------------------------------------------------------+
Note: In order to hide this table in the UI and the text report file, please set the "Show Parameter Settings Tables in Synthesis Report" option in "Analysis and Synthesis Settings -> More Settings" to "Off".


+---------------------------------------------------------------------------------------------------+
; Parameter Settings for Inferred Entity Instance: voteLogger:VL|lpm_counter:cand3_vote_recvd_rtl_2 ;
+------------------------+-------------------+------------------------------------------------------+
; Parameter Name         ; Value             ; Type                                                 ;
+------------------------+-------------------+------------------------------------------------------+
; AUTO_CARRY_CHAINS      ; ON                ; AUTO_CARRY                                           ;
; IGNORE_CARRY_BUFFERS   ; OFF               ; IGNORE_CARRY                                         ;
; AUTO_CASCADE_CHAINS    ; ON                ; AUTO_CASCADE                                         ;
; IGNORE_CASCADE_BUFFERS ; OFF               ; IGNORE_CASCADE                                       ;
; LPM_WIDTH              ; 7                 ; Untyped                                              ;
; LPM_DIRECTION          ; UP                ; Untyped                                              ;
; LPM_MODULUS            ; 0                 ; Untyped                                              ;
; LPM_AVALUE             ; UNUSED            ; Untyped                                              ;
; LPM_SVALUE             ; UNUSED            ; Untyped                                              ;
; LPM_PORT_UPDOWN        ; PORT_CONNECTIVITY ; Untyped                                              ;
; DEVICE_FAMILY          ; FLEX10K           ; Untyped                                              ;
; CARRY_CHAIN            ; MANUAL            ; Untyped                                              ;
; CARRY_CHAIN_LENGTH     ; 48                ; CARRY_CHAIN_LENGTH                                   ;
; NOT_GATE_PUSH_BACK     ; ON                ; NOT_GATE_PUSH_BACK                                   ;
; CARRY_CNT_EN           ; SMART             ; Untyped                                              ;
; LABWIDE_SCLR           ; ON                ; Untyped                                              ;
; USE_NEW_VERSION        ; TRUE              ; Untyped                                              ;
; CBXI_PARAMETER         ; NOTHING           ; Untyped                                              ;
+------------------------+-------------------+------------------------------------------------------+
Note: In order to hide this table in the UI and the text report file, please set the "Show Parameter Settings Tables in Synthesis Report" option in "Analysis and Synthesis Settings -> More Settings" to "Off".


+-------------------------------------------------------------------------------------------------------------+
; Parameter Settings for Inferred Entity Instance: modeControl:MC|digitsDisplay:display_votes|lpm_divide:Mod0 ;
+------------------------+----------------+-------------------------------------------------------------------+
; Parameter Name         ; Value          ; Type                                                              ;
+------------------------+----------------+-------------------------------------------------------------------+
; LPM_WIDTHN             ; 7              ; Untyped                                                           ;
; LPM_WIDTHD             ; 4              ; Untyped                                                           ;
; LPM_NREPRESENTATION    ; UNSIGNED       ; Untyped                                                           ;
; LPM_DREPRESENTATION    ; UNSIGNED       ; Untyped                                                           ;
; LPM_PIPELINE           ; 0              ; Untyped                                                           ;
; LPM_REMAINDERPOSITIVE  ; TRUE           ; Untyped                                                           ;
; MAXIMIZE_SPEED         ; 5              ; Untyped                                                           ;
; CBXI_PARAMETER         ; lpm_divide_kpl ; Untyped                                                           ;
; CARRY_CHAIN            ; MANUAL         ; Untyped                                                           ;
; OPTIMIZE_FOR_SPEED     ; 1              ; Untyped                                                           ;
; AUTO_CARRY_CHAINS      ; ON             ; AUTO_CARRY                                                        ;
; IGNORE_CARRY_BUFFERS   ; OFF            ; IGNORE_CARRY                                                      ;
; AUTO_CASCADE_CHAINS    ; ON             ; AUTO_CASCADE                                                      ;
; IGNORE_CASCADE_BUFFERS ; OFF            ; IGNORE_CASCADE                                                    ;
+------------------------+----------------+-------------------------------------------------------------------+
Note: In order to hide this table in the UI and the text report file, please set the "Show Parameter Settings Tables in Synthesis Report" option in "Analysis and Synthesis Settings -> More Settings" to "Off".


+-------------------------------------------------------------------------------------------------------------+
; Parameter Settings for Inferred Entity Instance: modeControl:MC|digitsDisplay:display_votes|lpm_divide:Div0 ;
+------------------------+----------------+-------------------------------------------------------------------+
; Parameter Name         ; Value          ; Type                                                              ;
+------------------------+----------------+-------------------------------------------------------------------+
; LPM_WIDTHN             ; 7              ; Untyped                                                           ;
; LPM_WIDTHD             ; 4              ; Untyped                                                           ;
; LPM_NREPRESENTATION    ; UNSIGNED       ; Untyped                                                           ;
; LPM_DREPRESENTATION    ; UNSIGNED       ; Untyped                                                           ;
; LPM_PIPELINE           ; 0              ; Untyped                                                           ;
; LPM_REMAINDERPOSITIVE  ; TRUE           ; Untyped                                                           ;
; MAXIMIZE_SPEED         ; 5              ; Untyped                                                           ;
; CBXI_PARAMETER         ; lpm_divide_h1m ; Untyped                                                           ;
; CARRY_CHAIN            ; MANUAL         ; Untyped                                                           ;
; OPTIMIZE_FOR_SPEED     ; 1              ; Untyped                                                           ;
; AUTO_CARRY_CHAINS      ; ON             ; AUTO_CARRY                                                        ;
; IGNORE_CARRY_BUFFERS   ; OFF            ; IGNORE_CARRY                                                      ;
; AUTO_CASCADE_CHAINS    ; ON             ; AUTO_CASCADE                                                      ;
; IGNORE_CASCADE_BUFFERS ; OFF            ; IGNORE_CASCADE                                                    ;
+------------------------+----------------+-------------------------------------------------------------------+
Note: In order to hide this table in the UI and the text report file, please set the "Show Parameter Settings Tables in Synthesis Report" option in "Analysis and Synthesis Settings -> More Settings" to "Off".


+-------------------------------------------------------------------------------------+
; Parameter Settings for Inferred Entity Instance: buttonControl:bc1|lpm_add_sub:Add0 ;
+------------------------+-------------+----------------------------------------------+
; Parameter Name         ; Value       ; Type                                         ;
+------------------------+-------------+----------------------------------------------+
; LPM_WIDTH              ; 25          ; Untyped                                      ;
; LPM_REPRESENTATION     ; UNSIGNED    ; Untyped                                      ;
; LPM_DIRECTION          ; ADD         ; Untyped                                      ;
; ONE_INPUT_IS_CONSTANT  ; YES         ; Untyped                                      ;
; LPM_PIPELINE           ; 0           ; Untyped                                      ;
; MAXIMIZE_SPEED         ; 5           ; Untyped                                      ;
; REGISTERED_AT_END      ; 0           ; Untyped                                      ;
; OPTIMIZE_FOR_SPEED     ; 1           ; Untyped                                      ;
; USE_CS_BUFFERS         ; 1           ; Untyped                                      ;
; CARRY_CHAIN            ; MANUAL      ; Untyped                                      ;
; CARRY_CHAIN_LENGTH     ; 48          ; CARRY_CHAIN_LENGTH                           ;
; DEVICE_FAMILY          ; FLEX10K     ; Untyped                                      ;
; USE_WYS                ; OFF         ; Untyped                                      ;
; STYLE                  ; FAST        ; Untyped                                      ;
; CBXI_PARAMETER         ; add_sub_uoh ; Untyped                                      ;
; AUTO_CARRY_CHAINS      ; ON          ; AUTO_CARRY                                   ;
; IGNORE_CARRY_BUFFERS   ; OFF         ; IGNORE_CARRY                                 ;
; AUTO_CASCADE_CHAINS    ; ON          ; AUTO_CASCADE                                 ;
; IGNORE_CASCADE_BUFFERS ; OFF         ; IGNORE_CASCADE                               ;
+------------------------+-------------+----------------------------------------------+
Note: In order to hide this table in the UI and the text report file, please set the "Show Parameter Settings Tables in Synthesis Report" option in "Analysis and Synthesis Settings -> More Settings" to "Off".


+-------------------------------------------------------------------------------------+
; Parameter Settings for Inferred Entity Instance: buttonControl:bc2|lpm_add_sub:Add0 ;
+------------------------+-------------+----------------------------------------------+
; Parameter Name         ; Value       ; Type                                         ;
+------------------------+-------------+----------------------------------------------+
; LPM_WIDTH              ; 25          ; Untyped                                      ;
; LPM_REPRESENTATION     ; UNSIGNED    ; Untyped                                      ;
; LPM_DIRECTION          ; ADD         ; Untyped                                      ;
; ONE_INPUT_IS_CONSTANT  ; YES         ; Untyped                                      ;
; LPM_PIPELINE           ; 0           ; Untyped                                      ;
; MAXIMIZE_SPEED         ; 5           ; Untyped                                      ;
; REGISTERED_AT_END      ; 0           ; Untyped                                      ;
; OPTIMIZE_FOR_SPEED     ; 1           ; Untyped                                      ;
; USE_CS_BUFFERS         ; 1           ; Untyped                                      ;
; CARRY_CHAIN            ; MANUAL      ; Untyped                                      ;
; CARRY_CHAIN_LENGTH     ; 48          ; CARRY_CHAIN_LENGTH                           ;
; DEVICE_FAMILY          ; FLEX10K     ; Untyped                                      ;
; USE_WYS                ; OFF         ; Untyped                                      ;
; STYLE                  ; FAST        ; Untyped                                      ;
; CBXI_PARAMETER         ; add_sub_uoh ; Untyped                                      ;
; AUTO_CARRY_CHAINS      ; ON          ; AUTO_CARRY                                   ;
; IGNORE_CARRY_BUFFERS   ; OFF         ; IGNORE_CARRY                                 ;
; AUTO_CASCADE_CHAINS    ; ON          ; AUTO_CASCADE                                 ;
; IGNORE_CASCADE_BUFFERS ; OFF         ; IGNORE_CASCADE                               ;
+------------------------+-------------+----------------------------------------------+
Note: In order to hide this table in the UI and the text report file, please set the "Show Parameter Settings Tables in Synthesis Report" option in "Analysis and Synthesis Settings -> More Settings" to "Off".


+-------------------------------------------------------------------------------------+
; Parameter Settings for Inferred Entity Instance: buttonControl:bc3|lpm_add_sub:Add0 ;
+------------------------+-------------+----------------------------------------------+
; Parameter Name         ; Value       ; Type                                         ;
+------------------------+-------------+----------------------------------------------+
; LPM_WIDTH              ; 25          ; Untyped                                      ;
; LPM_REPRESENTATION     ; UNSIGNED    ; Untyped                                      ;
; LPM_DIRECTION          ; ADD         ; Untyped                                      ;
; ONE_INPUT_IS_CONSTANT  ; YES         ; Untyped                                      ;
; LPM_PIPELINE           ; 0           ; Untyped                                      ;
; MAXIMIZE_SPEED         ; 5           ; Untyped                                      ;
; REGISTERED_AT_END      ; 0           ; Untyped                                      ;
; OPTIMIZE_FOR_SPEED     ; 1           ; Untyped                                      ;
; USE_CS_BUFFERS         ; 1           ; Untyped                                      ;
; CARRY_CHAIN            ; MANUAL      ; Untyped                                      ;
; CARRY_CHAIN_LENGTH     ; 48          ; CARRY_CHAIN_LENGTH                           ;
; DEVICE_FAMILY          ; FLEX10K     ; Untyped                                      ;
; USE_WYS                ; OFF         ; Untyped                                      ;
; STYLE                  ; FAST        ; Untyped                                      ;
; CBXI_PARAMETER         ; add_sub_uoh ; Untyped                                      ;
; AUTO_CARRY_CHAINS      ; ON          ; AUTO_CARRY                                   ;
; IGNORE_CARRY_BUFFERS   ; OFF         ; IGNORE_CARRY                                 ;
; AUTO_CASCADE_CHAINS    ; ON          ; AUTO_CASCADE                                 ;
; IGNORE_CASCADE_BUFFERS ; OFF         ; IGNORE_CASCADE                               ;
+------------------------+-------------+----------------------------------------------+
Note: In order to hide this table in the UI and the text report file, please set the "Show Parameter Settings Tables in Synthesis Report" option in "Analysis and Synthesis Settings -> More Settings" to "Off".


+-------------------------------+
; Analysis & Synthesis Messages ;
+-------------------------------+
Info: *******************************************************************
Info: Running Quartus II Analysis & Synthesis
    Info: Version 8.1 Build 163 10/28/2008 SJ Web Edition
    Info: Processing started: Sun Sep 10 18:39:30 2023
Info: Command: quartus_map --read_settings_files=on --write_settings_files=off votingMachine -c votingMachine
Info: Found 1 design units, including 1 entities, in source file authentication.v
    Info: Found entity 1: authentication
Info: Found 1 design units, including 1 entities, in source file buttonControl.v
    Info: Found entity 1: buttonControl
Info: Found 1 design units, including 1 entities, in source file modeControl.v
    Info: Found entity 1: modeControl
Info: Found 1 design units, including 1 entities, in source file voteLogger.v
    Info: Found entity 1: voteLogger
Info: Found 1 design units, including 1 entities, in source file votingMachine.v
    Info: Found entity 1: votingMachine
Info: Found 1 design units, including 1 entities, in source file digitsDisplay.v
    Info: Found entity 1: digitsDisplay
Info: Elaborating entity "votingMachine" for the top level hierarchy
Info: Elaborating entity "buttonControl" for hierarchy "buttonControl:bc1"
Warning (10230): Verilog HDL assignment warning at buttonControl.v(23): truncated value with size 32 to match size of target (25)
Info: Elaborating entity "authentication" for hierarchy "authentication:auth"
Info: Elaborating entity "voteLogger" for hierarchy "voteLogger:VL"
Warning (10230): Verilog HDL assignment warning at voteLogger.v(27): truncated value with size 32 to match size of target (7)
Warning (10230): Verilog HDL assignment warning at voteLogger.v(29): truncated value with size 32 to match size of target (7)
Warning (10230): Verilog HDL assignment warning at voteLogger.v(31): truncated value with size 32 to match size of target (7)
Info: Elaborating entity "modeControl" for hierarchy "modeControl:MC"
Info: Elaborating entity "digitsDisplay" for hierarchy "modeControl:MC|digitsDisplay:display_votes"
Info: Inferred 3 megafunctions from design logic
    Info: Inferred lpm_counter megafunction (LPM_WIDTH=7) from the following logic: "voteLogger:VL|cand1_vote_recvd[0]~21"
    Info: Inferred lpm_counter megafunction (LPM_WIDTH=7) from the following logic: "voteLogger:VL|cand2_vote_recvd[0]~97"
    Info: Inferred lpm_counter megafunction (LPM_WIDTH=7) from the following logic: "voteLogger:VL|cand3_vote_recvd[0]~111"
Info: Inferred 5 megafunctions from design logic
    Info: Inferred divider/modulo megafunction ("lpm_divide") from the following logic: "modeControl:MC|digitsDisplay:display_votes|Mod0"
    Info: Inferred divider/modulo megafunction ("lpm_divide") from the following logic: "modeControl:MC|digitsDisplay:display_votes|Div0"
    Info: Inferred adder/subtractor megafunction ("lpm_add_sub") from the following logic: "buttonControl:bc1|Add0"
    Info: Inferred adder/subtractor megafunction ("lpm_add_sub") from the following logic: "buttonControl:bc2|Add0"
    Info: Inferred adder/subtractor megafunction ("lpm_add_sub") from the following logic: "buttonControl:bc3|Add0"
Info: Elaborated megafunction instantiation "voteLogger:VL|lpm_counter:cand1_vote_recvd_rtl_0"
Info: Instantiated megafunction "voteLogger:VL|lpm_counter:cand1_vote_recvd_rtl_0" with the following parameter:
    Info: Parameter "LPM_WIDTH" = "7"
    Info: Parameter "LPM_DIRECTION" = "UP"
    Info: Parameter "LPM_TYPE" = "LPM_COUNTER"
Info: Elaborated megafunction instantiation "voteLogger:VL|lpm_counter:cand1_vote_recvd_rtl_0|alt_counter_f10ke:wysi_counter", which is child of megafunction instantiation "voteLogger:VL|lpm_counter:cand1_vote_recvd_rtl_0"
Info: Elaborated megafunction instantiation "voteLogger:VL|lpm_counter:cand2_vote_recvd_rtl_1"
Info: Instantiated megafunction "voteLogger:VL|lpm_counter:cand2_vote_recvd_rtl_1" with the following parameter:
    Info: Parameter "LPM_WIDTH" = "7"
    Info: Parameter "LPM_DIRECTION" = "UP"
    Info: Parameter "LPM_TYPE" = "LPM_COUNTER"
Info: Elaborated megafunction instantiation "voteLogger:VL|lpm_counter:cand2_vote_recvd_rtl_1|alt_counter_f10ke:wysi_counter", which is child of megafunction instantiation "voteLogger:VL|lpm_counter:cand2_vote_recvd_rtl_1"
Info: Elaborated megafunction instantiation "modeControl:MC|digitsDisplay:display_votes|lpm_divide:Mod0"
Info: Instantiated megafunction "modeControl:MC|digitsDisplay:display_votes|lpm_divide:Mod0" with the following parameter:
    Info: Parameter "LPM_WIDTHN" = "7"
    Info: Parameter "LPM_WIDTHD" = "4"
    Info: Parameter "LPM_NREPRESENTATION" = "UNSIGNED"
    Info: Parameter "LPM_DREPRESENTATION" = "UNSIGNED"
Info: Found 1 design units, including 1 entities, in source file db/lpm_divide_kpl.tdf
    Info: Found entity 1: lpm_divide_kpl
Info: Found 1 design units, including 1 entities, in source file db/sign_div_unsign_6kh.tdf
    Info: Found entity 1: sign_div_unsign_6kh
Info: Found 1 design units, including 1 entities, in source file db/alt_u_div_eke.tdf
    Info: Found entity 1: alt_u_div_eke
Info: Found 1 design units, including 1 entities, in source file db/add_sub_a9c.tdf
    Info: Found entity 1: add_sub_a9c
Info: Found 1 design units, including 1 entities, in source file db/add_sub_b9c.tdf
    Info: Found entity 1: add_sub_b9c
Info: Found 1 design units, including 1 entities, in source file db/add_sub_c9c.tdf
    Info: Found entity 1: add_sub_c9c
Info: Found 1 design units, including 1 entities, in source file db/add_sub_d9c.tdf
    Info: Found entity 1: add_sub_d9c
Info: Found 1 design units, including 1 entities, in source file db/add_sub_e9c.tdf
    Info: Found entity 1: add_sub_e9c
Info: Elaborated megafunction instantiation "modeControl:MC|digitsDisplay:display_votes|lpm_divide:Div0"
Info: Instantiated megafunction "modeControl:MC|digitsDisplay:display_votes|lpm_divide:Div0" with the following parameter:
    Info: Parameter "LPM_WIDTHN" = "7"
    Info: Parameter "LPM_WIDTHD" = "4"
    Info: Parameter "LPM_NREPRESENTATION" = "UNSIGNED"
    Info: Parameter "LPM_DREPRESENTATION" = "UNSIGNED"
Info: Found 1 design units, including 1 entities, in source file db/lpm_divide_h1m.tdf
    Info: Found entity 1: lpm_divide_h1m
Info: Elaborated megafunction instantiation "buttonControl:bc1|lpm_add_sub:Add0"
Info: Instantiated megafunction "buttonControl:bc1|lpm_add_sub:Add0" with the following parameter:
    Info: Parameter "LPM_WIDTH" = "25"
    Info: Parameter "LPM_DIRECTION" = "ADD"
    Info: Parameter "LPM_REPRESENTATION" = "UNSIGNED"
    Info: Parameter "ONE_INPUT_IS_CONSTANT" = "YES"
Info: Elaborated megafunction instantiation "buttonControl:bc1|lpm_add_sub:Add0|addcore:adder", which is child of megafunction instantiation "buttonControl:bc1|lpm_add_sub:Add0"
Info: Elaborated megafunction instantiation "buttonControl:bc1|lpm_add_sub:Add0|addcore:adder|a_csnbuffer:oflow_node", which is child of megafunction instantiation "buttonControl:bc1|lpm_add_sub:Add0"
Info: Elaborated megafunction instantiation "buttonControl:bc1|lpm_add_sub:Add0|addcore:adder|a_csnbuffer:result_node", which is child of megafunction instantiation "buttonControl:bc1|lpm_add_sub:Add0"
Info: Elaborated megafunction instantiation "buttonControl:bc1|lpm_add_sub:Add0|altshift:result_ext_latency_ffs", which is child of megafunction instantiation "buttonControl:bc1|lpm_add_sub:Add0"
Info: Elaborated megafunction instantiation "buttonControl:bc1|lpm_add_sub:Add0|altshift:carry_ext_latency_ffs", which is child of megafunction instantiation "buttonControl:bc1|lpm_add_sub:Add0"
Warning: Output pins are stuck at VCC or GND
    Warning (13410): Pin "decimal_point0" is stuck at VCC
    Warning (13410): Pin "decimal_point1" is stuck at VCC
Warning: Ignored 6 CARRY_SUM primitives
    Warning: Ignored 1 CARRY_SUM primitives -- cannot place fan-in logic in single logic cell
        Warning: Can't place logic feeding CARRY_SUM primitive "modeControl:MC|digitsDisplay:display_votes|lpm_divide:Mod0|lpm_divide_kpl:auto_generated|sign_div_unsign_6kh:divider|alt_u_div_eke:divider|add_sub_e9c:add_sub_4|add_sub_cella[2]" in single logic cell
            Warning: Node "modeControl:MC|digitsDisplay:display_votes|lpm_divide:Mod0|lpm_divide_kpl:auto_generated|sign_div_unsign_6kh:divider|alt_u_div_eke:divider|add_sub_d9c:add_sub_3|add_sub_cella[3]~66" of type CARRY_SUM
            Warning: Node "modeControl:MC|digitsDisplay:display_votes|lpm_divide:Mod0|lpm_divide_kpl:auto_generated|sign_div_unsign_6kh:divider|alt_u_div_eke:divider|add_sub_e9c:add_sub_4|add_sub_cella[1]" of type CARRY_SUM
    Warning: Ignored 5 CARRY_SUM primitive(s) -- cannot place fan-out logic in single logic cell
        Warning: Can't place logic fed by CARRY_SUM primitive "modeControl:MC|digitsDisplay:display_votes|lpm_divide:Mod0|lpm_divide_kpl:auto_generated|sign_div_unsign_6kh:divider|alt_u_div_eke:divider|add_sub_e9c:add_sub_4|add_sub_cella[1]" into a single logic cell
            Warning: Node "modeControl:MC|digitsDisplay:display_votes|lpm_divide:Mod0|lpm_divide_kpl:auto_generated|sign_div_unsign_6kh:divider|alt_u_div_eke:divider|add_sub_e9c:add_sub_4|add_sub_cella[2]~107" of type LUT
            Warning: Node "modeControl:MC|digitsDisplay:display_votes|lpm_divide:Mod0|lpm_divide_kpl:auto_generated|sign_div_unsign_6kh:divider|alt_u_div_eke:divider|add_sub_e9c:add_sub_4|add_sub_cella[2]~111" of type LUT
        Warning: Can't place logic fed by CARRY_SUM primitive "modeControl:MC|digitsDisplay:display_votes|lpm_divide:Mod0|lpm_divide_kpl:auto_generated|sign_div_unsign_6kh:divider|alt_u_div_eke:divider|add_sub_d9c:add_sub_3|add_sub_cella[3]~66" into a single logic cell
            Warning: Node "modeControl:MC|digitsDisplay:display_votes|lpm_divide:Mod0|lpm_divide_kpl:auto_generated|sign_div_unsign_6kh:divider|alt_u_div_eke:divider|add_sub_e9c:add_sub_4|add_sub_cella[2]~111" of type LUT
            Warning: Node "modeControl:MC|digitsDisplay:display_votes|lpm_divide:Mod0|lpm_divide_kpl:auto_generated|sign_div_unsign_6kh:divider|alt_u_div_eke:divider|add_sub_e9c:add_sub_4|add_sub_cella[2]~107" of type LUT
        Warning: Can't place logic fed by CARRY_SUM primitive "modeControl:MC|digitsDisplay:display_votes|lpm_divide:Mod0|lpm_divide_kpl:auto_generated|sign_div_unsign_6kh:divider|alt_u_div_eke:divider|add_sub_d9c:add_sub_3|add_sub_cella[3]" into a single logic cell
            Warning: Node "modeControl:MC|digitsDisplay:display_votes|lpm_divide:Mod0|lpm_divide_kpl:auto_generated|sign_div_unsign_6kh:divider|alt_u_div_eke:divider|add_sub_d9c:add_sub_3|add_sub_cella[3]~67" of type LUT
            Warning: Node "modeControl:MC|digitsDisplay:display_votes|lpm_divide:Mod0|lpm_divide_kpl:auto_generated|sign_div_unsign_6kh:divider|alt_u_div_eke:divider|add_sub_d9c:add_sub_3|add_sub_cella[3]~68" of type LUT
        Warning: Can't place logic fed by CARRY_SUM primitive "modeControl:MC|digitsDisplay:display_votes|lpm_divide:Mod0|lpm_divide_kpl:auto_generated|sign_div_unsign_6kh:divider|alt_u_div_eke:divider|add_sub_d9c:add_sub_3|add_sub_cella[2]" into a single logic cell
            Warning: Node "modeControl:MC|digitsDisplay:display_votes|lpm_divide:Mod0|lpm_divide_kpl:auto_generated|sign_div_unsign_6kh:divider|alt_u_div_eke:divider|add_sub_d9c:add_sub_3|add_sub_cella[3]~54" of type LUT
            Warning: Node "modeControl:MC|digitsDisplay:display_votes|lpm_divide:Mod0|lpm_divide_kpl:auto_generated|sign_div_unsign_6kh:divider|alt_u_div_eke:divider|add_sub_d9c:add_sub_3|add_sub_cella[3]~57" of type LUT
        Warning: Can't place logic fed by CARRY_SUM primitive "modeControl:MC|digitsDisplay:display_votes|lpm_divide:Mod0|lpm_divide_kpl:auto_generated|sign_div_unsign_6kh:divider|alt_u_div_eke:divider|add_sub_d9c:add_sub_3|add_sub_cella[1]" into a single logic cell
            Warning: Node "modeControl:MC|digitsDisplay:display_votes|lpm_divide:Mod0|lpm_divide_kpl:auto_generated|sign_div_unsign_6kh:divider|alt_u_div_eke:divider|add_sub_d9c:add_sub_3|add_sub_cella[2]~60" of type LUT
            Warning: Node "modeControl:MC|digitsDisplay:display_votes|lpm_divide:Mod0|lpm_divide_kpl:auto_generated|sign_div_unsign_6kh:divider|alt_u_div_eke:divider|add_sub_d9c:add_sub_3|add_sub_cella[2]~63" of type LUT
Info: Found the following redundant logic cells in design
    Info (17048): Logic cell "modeControl:MC|digitsDisplay:display_votes|lpm_divide:Mod0|lpm_divide_kpl:auto_generated|sign_div_unsign_6kh:divider|alt_u_div_eke:divider|add_sub_d9c:add_sub_3|add_sub_cella[1]~51"
    Info (17048): Logic cell "modeControl:MC|digitsDisplay:display_votes|lpm_divide:Mod0|lpm_divide_kpl:auto_generated|sign_div_unsign_6kh:divider|alt_u_div_eke:divider|add_sub_e9c:add_sub_4|add_sub_cella[1]~101"
    Info (17048): Logic cell "modeControl:MC|digitsDisplay:display_votes|lpm_divide:Mod0|lpm_divide_kpl:auto_generated|sign_div_unsign_6kh:divider|alt_u_div_eke:divider|add_sub_e9c:add_sub_4|add_sub_cella[1]~103"
    Info (17048): Logic cell "modeControl:MC|num[4]~917"
Info: Implemented 865 device resources after synthesis - the final resource count might be different
    Info: Implemented 15 input pins
    Info: Implemented 18 output pins
    Info: Implemented 832 logic cells
Info: Generated suppressed messages file C:/Users/u/OneDrive - BUET/BUET/L-3 T-2/EEE 304/Project/Latest Code/votingMachine.map.smsg
Info: Quartus II Analysis & Synthesis was successful. 0 errors, 28 warnings
    Info: Peak virtual memory: 222 megabytes
    Info: Processing ended: Sun Sep 10 18:39:36 2023
    Info: Elapsed time: 00:00:06
    Info: Total CPU time (on all processors): 00:00:06


+------------------------------------------+
; Analysis & Synthesis Suppressed Messages ;
+------------------------------------------+
The suppressed messages can be found in C:/Users/u/OneDrive - BUET/BUET/L-3 T-2/EEE 304/Project/Latest Code/votingMachine.map.smsg.


