Fitter report for votingMachine
Sun Sep 10 18:39:45 2023
Quartus II Version 8.1 Build 163 10/28/2008 SJ Web Edition


---------------------
; Table of Contents ;
---------------------
  1. Legal Notice
  2. Fitter Summary
  3. Fitter Settings
  4. Fitter Device Options
  5. Input Pins
  6. Output Pins
  7. All Package Pins
  8. Control Signals
  9. Global & Other Fast Signals
 10. Carry Chains
 11. Non-Global High Fan-Out Signals
 12. LAB
 13. Local Routing Interconnect
 14. LAB External Interconnect
 15. Row Interconnect
 16. LAB Column Interconnect
 17. LAB Column Interconnect
 18. Fitter Resource Usage Summary
 19. Fitter Resource Utilization by Entity
 20. Delay Chain Summary
 21. Pin-Out File
 22. Fitter Messages



----------------
; Legal Notice ;
----------------
Copyright (C) 1991-2008 Altera Corporation
Your use of Altera Corporation's design tools, logic functions 
and other software and tools, and its AMPP partner logic 
functions, and any output files from any of the foregoing 
(including device programming or simulation files), and any 
associated documentation or information are expressly subject 
to the terms and conditions of the Altera Program License 
Subscription Agreement, Altera MegaCore Function License 
Agreement, or other applicable license agreement, including, 
without limitation, that your use is for the sole purpose of 
programming logic devices manufactured by Altera and sold by 
Altera or its authorized distributors.  Please refer to the 
applicable agreement for further details.



+-----------------------------------------------------------------+
; Fitter Summary                                                  ;
+-----------------------+-----------------------------------------+
; Fitter Status         ; Successful - Sun Sep 10 18:39:45 2023   ;
; Quartus II Version    ; 8.1 Build 163 10/28/2008 SJ Web Edition ;
; Revision Name         ; votingMachine                           ;
; Top-level Entity Name ; votingMachine                           ;
; Family                ; FLEX10K                                 ;
; Device                ; EPF10K70RC240-4                         ;
; Timing Models         ; Final                                   ;
; Total logic elements  ; 832 / 3,744 ( 22 % )                    ;
; Total pins            ; 33 / 189 ( 17 % )                       ;
; Total memory bits     ; 0 / 18,432 ( 0 % )                      ;
+-----------------------+-----------------------------------------+


+------------------------------------------------------------------------------------------------------+
; Fitter Settings                                                                                      ;
+------------------------------------------------------------+--------------------+--------------------+
; Option                                                     ; Setting            ; Default Value      ;
+------------------------------------------------------------+--------------------+--------------------+
; Device                                                     ; EPF10K70RC240-4    ;                    ;
; Use smart compilation                                      ; Off                ; Off                ;
; Use TimeQuest Timing Analyzer                              ; Off                ; Off                ;
; Router Timing Optimization Level                           ; Normal             ; Normal             ;
; Placement Effort Multiplier                                ; 1.0                ; 1.0                ;
; Router Effort Multiplier                                   ; 1.0                ; 1.0                ;
; Optimize Timing                                            ; Normal compilation ; Normal compilation ;
; Optimize Timing for ECOs                                   ; Off                ; Off                ;
; Regenerate full fit report during ECO compiles             ; Off                ; Off                ;
; Optimize IOC Register Placement for Timing                 ; On                 ; On                 ;
; Limit to One Fitting Attempt                               ; Off                ; Off                ;
; Final Placement Optimizations                              ; Automatically      ; Automatically      ;
; Fitter Aggressive Routability Optimizations                ; Automatically      ; Automatically      ;
; Fitter Initial Placement Seed                              ; 1                  ; 1                  ;
; Slow Slew Rate                                             ; Off                ; Off                ;
; Auto Global Memory Control Signals                         ; Off                ; Off                ;
; Logic Cell Insertion - Individual Logic Cells              ; On                 ; On                 ;
; Logic Cell Insertion - I/Os Fed By Carry or Cascade Chains ; On                 ; On                 ;
; Fitter Effort                                              ; Auto Fit           ; Auto Fit           ;
; Auto Global Clock                                          ; On                 ; On                 ;
; Auto Global Output Enable                                  ; On                 ; On                 ;
; Auto Global Register Control Signals                       ; On                 ; On                 ;
+------------------------------------------------------------+--------------------+--------------------+


+-------------------------------------------------------------------------+
; Fitter Device Options                                                   ;
+----------------------------------------------+--------------------------+
; Option                                       ; Setting                  ;
+----------------------------------------------+--------------------------+
; Enable user-supplied start-up clock (CLKUSR) ; Off                      ;
; Enable device-wide reset (DEV_CLRn)          ; Off                      ;
; Enable device-wide output enable (DEV_OE)    ; Off                      ;
; Enable INIT_DONE output                      ; Off                      ;
; Configuration scheme                         ; Passive Serial           ;
; nWS, nRS, nCS, CS                            ; Unreserved               ;
; RDYnBUSY                                     ; Unreserved               ;
; Data[7..1]                                   ; Unreserved               ;
; Reserve all unused pins                      ; As output driving ground ;
; Base pin-out file on sameframe device        ; Off                      ;
+----------------------------------------------+--------------------------+


+---------------------------------------------------------------------------------------------------------------------------------------------+
; Input Pins                                                                                                                                  ;
+-------------+-------+-----+------+---------+--------+--------------+-------------------------+---------------+---------------+--------------+
; Name        ; Pin # ; Row ; Col. ; Fan-Out ; Global ; I/O Register ; Use Local Routing Input ; Power Up High ; Single-Pin CE ; I/O Standard ;
+-------------+-------+-----+------+---------+--------+--------------+-------------------------+---------------+---------------+--------------+
; voter_id[4] ; 38    ;  F  ; --   ; 53      ; no     ; no           ; no                      ; no            ; no            ; TTL          ;
; voter_id[5] ; 39    ;  F  ; --   ; 54      ; no     ; no           ; no                      ; no            ; no            ; TTL          ;
; voter_id[0] ; 33    ;  E  ; --   ; 62      ; no     ; no           ; no                      ; no            ; no            ; TTL          ;
; voter_id[1] ; 34    ;  E  ; --   ; 63      ; no     ; no           ; no                      ; no            ; no            ; TTL          ;
; voter_id[3] ; 36    ;  F  ; --   ; 58      ; no     ; no           ; no                      ; no            ; no            ; TTL          ;
; voter_id[2] ; 35    ;  E  ; --   ; 58      ; no     ; no           ; no                      ; no            ; no            ; TTL          ;
; voter_id[7] ; 41    ;  F  ; --   ; 18      ; no     ; no           ; no                      ; no            ; no            ; TTL          ;
; voter_id[6] ; 40    ;  F  ; --   ; 17      ; no     ; no           ; no                      ; no            ; no            ; TTL          ;
; mode        ; 114   ; --  ; 7    ; 13      ; no     ; no           ; no                      ; no            ; no            ; TTL          ;
; pollsig     ; 113   ; --  ; 8    ; 5       ; no     ; no           ; no                      ; no            ; no            ; TTL          ;
; reset       ; 127   ;  I  ; --   ; 290     ; no     ; no           ; no                      ; no            ; no            ; TTL          ;
; clock       ; 91    ; --  ; --   ; 362     ; yes    ; no           ; no                      ; no            ; no            ; TTL          ;
; button3     ; 29    ;  D  ; --   ; 9       ; no     ; no           ; no                      ; no            ; no            ; TTL          ;
; button2     ; 28    ;  D  ; --   ; 9       ; no     ; no           ; no                      ; no            ; no            ; TTL          ;
; button1     ; 118   ; --  ; 2    ; 9       ; no     ; no           ; no                      ; no            ; no            ; TTL          ;
+-------------+-------+-----+------+---------+--------+--------------+-------------------------+---------------+---------------+--------------+


+--------------------------------------------------------------------------------------------------------------------------------------------------------------------------------------------+
; Output Pins                                                                                                                                                                                ;
+----------------+-------+-----+------+--------------+--------------------------+---------------+----------------+---------------+---------------+------------+---------------+--------------+
; Name           ; Pin # ; Row ; Col. ; I/O Register ; Use Local Routing Output ; Power Up High ; Slow Slew Rate ; Single-Pin OE ; Single-Pin CE ; Open Drain ; TRI Primitive ; I/O Standard ;
+----------------+-------+-----+------+--------------+--------------------------+---------------+----------------+---------------+---------------+------------+---------------+--------------+
; already_voted  ; 137   ;  H  ; --   ; no           ; no                       ; no            ; no             ; no            ; no            ; no         ; no            ; TTL          ;
; pollsigON      ; 136   ;  H  ; --   ; no           ; no                       ; no            ; no             ; no            ; no            ; no         ; no            ; TTL          ;
; digit0[0]      ; 24    ;  C  ; --   ; no           ; no                       ; no            ; no             ; no            ; no            ; no         ; no            ; TTL          ;
; digit0[1]      ; 23    ;  C  ; --   ; no           ; no                       ; no            ; no             ; no            ; no            ; no         ; no            ; TTL          ;
; digit0[2]      ; 21    ;  C  ; --   ; no           ; no                       ; no            ; no             ; no            ; no            ; no         ; no            ; TTL          ;
; digit0[3]      ; 20    ;  C  ; --   ; no           ; no                       ; no            ; no             ; no            ; no            ; no         ; no            ; TTL          ;
; digit0[4]      ; 19    ;  C  ; --   ; no           ; no                       ; no            ; no             ; no            ; no            ; no         ; no            ; TTL          ;
; digit0[5]      ; 18    ;  B  ; --   ; no           ; no                       ; no            ; no             ; no            ; no            ; no         ; no            ; TTL          ;
; digit0[6]      ; 17    ;  B  ; --   ; no           ; no                       ; no            ; no             ; no            ; no            ; no         ; no            ; TTL          ;
; digit1[0]      ; 13    ;  B  ; --   ; no           ; no                       ; no            ; no             ; no            ; no            ; no         ; no            ; TTL          ;
; digit1[1]      ; 12    ;  B  ; --   ; no           ; no                       ; no            ; no             ; no            ; no            ; no         ; no            ; TTL          ;
; digit1[2]      ; 11    ;  A  ; --   ; no           ; no                       ; no            ; no             ; no            ; no            ; no         ; no            ; TTL          ;
; digit1[3]      ; 9     ;  A  ; --   ; no           ; no                       ; no            ; no             ; no            ; no            ; no         ; no            ; TTL          ;
; digit1[4]      ; 8     ;  A  ; --   ; no           ; no                       ; no            ; no             ; no            ; no            ; no         ; no            ; TTL          ;
; digit1[5]      ; 7     ;  A  ; --   ; no           ; no                       ; no            ; no             ; no            ; no            ; no         ; no            ; TTL          ;
; digit1[6]      ; 6     ;  A  ; --   ; no           ; no                       ; no            ; no             ; no            ; no            ; no         ; no            ; TTL          ;
; decimal_point0 ; 25    ;  D  ; --   ; no           ; no                       ; no            ; no             ; no            ; no            ; no         ; no            ; TTL          ;
; decimal_point1 ; 14    ;  B  ; --   ; no           ; no                       ; no            ; no             ; no            ; no            ; no         ; no            ; TTL          ;
+----------------+-------+-----+------+--------------+--------------------------+---------------+----------------+---------------+---------------+------------+---------------+--------------+


+---------------------------------------+
; All Package Pins                      ;
+-------+----------------+--------------+
; Pin # ; Usage          ; I/O Standard ;
+-------+----------------+--------------+
; 1     ; #TCK           ;              ;
; 2     ; ^CONF_DONE     ;              ;
; 3     ; ^nCEO          ;              ;
; 4     ; #TDO           ;              ;
; 5     ; VCC_INT        ;              ;
; 6     ; digit1[6]      ; TTL          ;
; 7     ; digit1[5]      ; TTL          ;
; 8     ; digit1[4]      ; TTL          ;
; 9     ; digit1[3]      ; TTL          ;
; 10    ; GND_INT        ;              ;
; 11    ; digit1[2]      ; TTL          ;
; 12    ; digit1[1]      ; TTL          ;
; 13    ; digit1[0]      ; TTL          ;
; 14    ; decimal_point1 ; TTL          ;
; 15    ; GND*           ;              ;
; 16    ; VCC_INT        ;              ;
; 17    ; digit0[6]      ; TTL          ;
; 18    ; digit0[5]      ; TTL          ;
; 19    ; digit0[4]      ; TTL          ;
; 20    ; digit0[3]      ; TTL          ;
; 21    ; digit0[2]      ; TTL          ;
; 22    ; GND_INT        ;              ;
; 23    ; digit0[1]      ; TTL          ;
; 24    ; digit0[0]      ; TTL          ;
; 25    ; decimal_point0 ; TTL          ;
; 26    ; GND*           ;              ;
; 27    ; VCC_INT        ;              ;
; 28    ; button2        ; TTL          ;
; 29    ; button3        ; TTL          ;
; 30    ; GND*           ;              ;
; 31    ; GND*           ;              ;
; 32    ; GND_INT        ;              ;
; 33    ; voter_id[0]    ; TTL          ;
; 34    ; voter_id[1]    ; TTL          ;
; 35    ; voter_id[2]    ; TTL          ;
; 36    ; voter_id[3]    ; TTL          ;
; 37    ; VCC_INT        ;              ;
; 38    ; voter_id[4]    ; TTL          ;
; 39    ; voter_id[5]    ; TTL          ;
; 40    ; voter_id[6]    ; TTL          ;
; 41    ; voter_id[7]    ; TTL          ;
; 42    ; GND_INT        ;              ;
; 43    ; GND*           ;              ;
; 44    ; GND*           ;              ;
; 45    ; GND*           ;              ;
; 46    ; GND*           ;              ;
; 47    ; VCC_INT        ;              ;
; 48    ; GND*           ;              ;
; 49    ; GND*           ;              ;
; 50    ; GND*           ;              ;
; 51    ; GND*           ;              ;
; 52    ; GND_INT        ;              ;
; 53    ; GND*           ;              ;
; 54    ; GND*           ;              ;
; 55    ; GND*           ;              ;
; 56    ; GND*           ;              ;
; 57    ; VCC_INT        ;              ;
; 58    ; #TMS           ;              ;
; 59    ; #TRST          ;              ;
; 60    ; ^nSTATUS       ;              ;
; 61    ; GND*           ;              ;
; 62    ; GND*           ;              ;
; 63    ; GND*           ;              ;
; 64    ; GND*           ;              ;
; 65    ; GND*           ;              ;
; 66    ; GND*           ;              ;
; 67    ; GND*           ;              ;
; 68    ; GND*           ;              ;
; 69    ; GND_INT        ;              ;
; 70    ; GND*           ;              ;
; 71    ; GND*           ;              ;
; 72    ; GND*           ;              ;
; 73    ; GND*           ;              ;
; 74    ; GND*           ;              ;
; 75    ; GND*           ;              ;
; 76    ; GND*           ;              ;
; 77    ; VCC_INT        ;              ;
; 78    ; GND*           ;              ;
; 79    ; GND*           ;              ;
; 80    ; GND*           ;              ;
; 81    ; GND*           ;              ;
; 82    ; GND*           ;              ;
; 83    ; GND*           ;              ;
; 84    ; GND*           ;              ;
; 85    ; GND_INT        ;              ;
; 86    ; GND*           ;              ;
; 87    ; GND*           ;              ;
; 88    ; GND*           ;              ;
; 89    ; VCC_INT        ;              ;
; 90    ; GND+           ;              ;
; 91    ; clock          ; TTL          ;
; 92    ; GND+           ;              ;
; 93    ; GND_INT        ;              ;
; 94    ; GND*           ;              ;
; 95    ; GND*           ;              ;
; 96    ; VCC_INT        ;              ;
; 97    ; GND*           ;              ;
; 98    ; GND*           ;              ;
; 99    ; GND*           ;              ;
; 100   ; GND*           ;              ;
; 101   ; GND*           ;              ;
; 102   ; GND*           ;              ;
; 103   ; GND*           ;              ;
; 104   ; GND_INT        ;              ;
; 105   ; GND*           ;              ;
; 106   ; GND*           ;              ;
; 107   ; GND*           ;              ;
; 108   ; GND*           ;              ;
; 109   ; GND*           ;              ;
; 110   ; GND*           ;              ;
; 111   ; GND*           ;              ;
; 112   ; VCC_INT        ;              ;
; 113   ; pollsig        ; TTL          ;
; 114   ; mode           ; TTL          ;
; 115   ; GND*           ;              ;
; 116   ; GND*           ;              ;
; 117   ; GND*           ;              ;
; 118   ; button1        ; TTL          ;
; 119   ; GND*           ;              ;
; 120   ; GND*           ;              ;
; 121   ; ^nCONFIG       ;              ;
; 122   ; VCC_INT        ;              ;
; 123   ; ^MSEL1         ;              ;
; 124   ; ^MSEL0         ;              ;
; 125   ; GND_INT        ;              ;
; 126   ; GND*           ;              ;
; 127   ; reset          ; TTL          ;
; 128   ; GND*           ;              ;
; 129   ; GND*           ;              ;
; 130   ; VCC_INT        ;              ;
; 131   ; GND*           ;              ;
; 132   ; GND*           ;              ;
; 133   ; GND*           ;              ;
; 134   ; GND*           ;              ;
; 135   ; GND_INT        ;              ;
; 136   ; pollsigON      ; TTL          ;
; 137   ; already_voted  ; TTL          ;
; 138   ; GND*           ;              ;
; 139   ; GND*           ;              ;
; 140   ; VCC_INT        ;              ;
; 141   ; GND*           ;              ;
; 142   ; GND*           ;              ;
; 143   ; GND*           ;              ;
; 144   ; GND*           ;              ;
; 145   ; GND_INT        ;              ;
; 146   ; GND*           ;              ;
; 147   ; GND*           ;              ;
; 148   ; GND*           ;              ;
; 149   ; GND*           ;              ;
; 150   ; VCC_INT        ;              ;
; 151   ; GND*           ;              ;
; 152   ; GND*           ;              ;
; 153   ; GND*           ;              ;
; 154   ; GND*           ;              ;
; 155   ; GND_INT        ;              ;
; 156   ; GND*           ;              ;
; 157   ; GND*           ;              ;
; 158   ; GND*           ;              ;
; 159   ; GND*           ;              ;
; 160   ; VCC_INT        ;              ;
; 161   ; GND*           ;              ;
; 162   ; GND*           ;              ;
; 163   ; GND*           ;              ;
; 164   ; GND*           ;              ;
; 165   ; GND_INT        ;              ;
; 166   ; GND*           ;              ;
; 167   ; GND*           ;              ;
; 168   ; GND*           ;              ;
; 169   ; GND*           ;              ;
; 170   ; VCC_INT        ;              ;
; 171   ; GND*           ;              ;
; 172   ; GND*           ;              ;
; 173   ; GND*           ;              ;
; 174   ; GND*           ;              ;
; 175   ; GND*           ;              ;
; 176   ; GND_INT        ;              ;
; 177   ; #TDI           ;              ;
; 178   ; ^nCE           ;              ;
; 179   ; ^DCLK          ;              ;
; 180   ; ^DATA0         ;              ;
; 181   ; GND*           ;              ;
; 182   ; GND*           ;              ;
; 183   ; GND*           ;              ;
; 184   ; GND*           ;              ;
; 185   ; GND*           ;              ;
; 186   ; GND*           ;              ;
; 187   ; GND*           ;              ;
; 188   ; GND*           ;              ;
; 189   ; VCC_INT        ;              ;
; 190   ; GND*           ;              ;
; 191   ; GND*           ;              ;
; 192   ; GND*           ;              ;
; 193   ; GND*           ;              ;
; 194   ; GND*           ;              ;
; 195   ; GND*           ;              ;
; 196   ; GND*           ;              ;
; 197   ; GND_INT        ;              ;
; 198   ; GND*           ;              ;
; 199   ; GND*           ;              ;
; 200   ; GND*           ;              ;
; 201   ; GND*           ;              ;
; 202   ; GND*           ;              ;
; 203   ; GND*           ;              ;
; 204   ; GND*           ;              ;
; 205   ; VCC_INT        ;              ;
; 206   ; GND*           ;              ;
; 207   ; GND*           ;              ;
; 208   ; GND*           ;              ;
; 209   ; GND*           ;              ;
; 210   ; GND+           ;              ;
; 211   ; GND+           ;              ;
; 212   ; GND+           ;              ;
; 213   ; GND*           ;              ;
; 214   ; GND*           ;              ;
; 215   ; GND*           ;              ;
; 216   ; GND_INT        ;              ;
; 217   ; GND*           ;              ;
; 218   ; GND*           ;              ;
; 219   ; GND*           ;              ;
; 220   ; GND*           ;              ;
; 221   ; GND*           ;              ;
; 222   ; GND*           ;              ;
; 223   ; GND*           ;              ;
; 224   ; VCC_INT        ;              ;
; 225   ; GND*           ;              ;
; 226   ; GND*           ;              ;
; 227   ; GND*           ;              ;
; 228   ; GND*           ;              ;
; 229   ; GND*           ;              ;
; 230   ; GND*           ;              ;
; 231   ; GND*           ;              ;
; 232   ; GND_INT        ;              ;
; 233   ; GND*           ;              ;
; 234   ; GND*           ;              ;
; 235   ; GND*           ;              ;
; 236   ; GND*           ;              ;
; 237   ; GND*           ;              ;
; 238   ; GND*           ;              ;
; 239   ; GND*           ;              ;
; 240   ; GND*           ;              ;
+-------+----------------+--------------+


+----------------------------------------------------------------------------------------------+
; Control Signals                                                                              ;
+--------------------------------+---------+---------+--------------------------+--------------+
; Name                           ; Pin #   ; Fan-Out ; Usage                    ; Global Usage ;
+--------------------------------+---------+---------+--------------------------+--------------+
; buttonControl:bc3|always0~1    ; LC1_C3  ; 6       ; Sync. load / Sync. clear ; Non-global   ;
; clock                          ; 91      ; 362     ; Clock                    ; Pin          ;
; buttonControl:bc3|counter~2450 ; LC1_G24 ; 25      ; Clock enable             ; Non-global   ;
; buttonControl:bc3|always0~50   ; LC1_G26 ; 3       ; Sync. clear              ; Non-global   ;
; buttonControl:bc2|always0~24   ; LC1_C27 ; 3       ; Sync. load               ; Non-global   ;
; buttonControl:bc2|counter~2447 ; LC1_C28 ; 25      ; Clock enable             ; Non-global   ;
; buttonControl:bc1|always0~24   ; LC3_A26 ; 3       ; Sync. load               ; Non-global   ;
; buttonControl:bc1|counter~2447 ; LC1_A15 ; 25      ; Clock enable             ; Non-global   ;
+--------------------------------+---------+---------+--------------------------+--------------+


+----------------------------------+
; Global & Other Fast Signals      ;
+-------+-------+---------+--------+
; Name  ; Pin # ; Fan-Out ; Global ;
+-------+-------+---------+--------+
; clock ; 91    ; 362     ; yes    ;
+-------+-------+---------+--------+


+---------------------------------------------+
; Carry Chains                                ;
+--------------------+------------------------+
; Carry Chain Length ; Number of Carry Chains ;
+--------------------+------------------------+
; 0 - 1              ; 0                      ;
; 2 - 3              ; 0                      ;
; 4 - 5              ; 2                      ;
; 6 - 7              ; 3                      ;
; 8 - 9              ; 0                      ;
; 10 - 11            ; 0                      ;
; 12 - 13            ; 0                      ;
; 14 - 15            ; 0                      ;
; 16 - 17            ; 0                      ;
; 18 - 19            ; 1                      ;
; 20 - 21            ; 0                      ;
; 22 - 23            ; 0                      ;
; 24 - 25            ; 3                      ;
+--------------------+------------------------+


+-------------------------------------------------------------------------------------------------------------------------------------------------------------------------------------------------+
; Non-Global High Fan-Out Signals                                                                                                                                                                 ;
+---------------------------------------------------------------------------------------------------------------------------------------------------------------------------------------+---------+
; Name                                                                                                                                                                                  ; Fan-Out ;
+---------------------------------------------------------------------------------------------------------------------------------------------------------------------------------------+---------+
; reset                                                                                                                                                                                 ; 290     ;
; voter_id[1]                                                                                                                                                                           ; 63      ;
; voter_id[0]                                                                                                                                                                           ; 62      ;
; voter_id[2]                                                                                                                                                                           ; 58      ;
; voter_id[3]                                                                                                                                                                           ; 58      ;
; voter_id[5]                                                                                                                                                                           ; 54      ;
; voter_id[4]                                                                                                                                                                           ; 53      ;
; buttonControl:bc3|counter~2483                                                                                                                                                        ; 25      ;
; buttonControl:bc2|counter~2480                                                                                                                                                        ; 25      ;
; buttonControl:bc1|counter~2480                                                                                                                                                        ; 25      ;
; buttonControl:bc1|counter~2479                                                                                                                                                        ; 24      ;
; buttonControl:bc2|counter~2479                                                                                                                                                        ; 24      ;
; buttonControl:bc3|counter~2482                                                                                                                                                        ; 24      ;
; buttonControl:bc1|valid_vote~179                                                                                                                                                      ; 22      ;
; buttonControl:bc2|valid_vote~180                                                                                                                                                      ; 21      ;
; buttonControl:bc3|valid_vote~179                                                                                                                                                      ; 20      ;
; modeControl:MC|num[5]~937                                                                                                                                                             ; 19      ;
; voter_id[7]                                                                                                                                                                           ; 18      ;
; voter_id[6]                                                                                                                                                                           ; 17      ;
; modeControl:MC|num[6]~938                                                                                                                                                             ; 17      ;
; authentication:auth|Decoder0~577                                                                                                                                                      ; 16      ;
; authentication:auth|Decoder0~607                                                                                                                                                      ; 16      ;
; authentication:auth|Decoder0~608                                                                                                                                                      ; 16      ;
; authentication:auth|Decoder0~605                                                                                                                                                      ; 16      ;
; authentication:auth|Decoder0~606                                                                                                                                                      ; 16      ;
; modeControl:MC|digitsDisplay:display_votes|lpm_divide:Div0|lpm_divide_h1m:auto_generated|sign_div_unsign_6kh:divider|alt_u_div_eke:divider|add_sub_e9c:add_sub_4|add_sub_cella[4]~118 ; 16      ;
; authentication:auth|Decoder0~604                                                                                                                                                      ; 16      ;
; authentication:auth|Decoder0~602                                                                                                                                                      ; 16      ;
; authentication:auth|Decoder0~601                                                                                                                                                      ; 16      ;
; authentication:auth|voted~22822                                                                                                                                                       ; 16      ;
; authentication:auth|Decoder0~598                                                                                                                                                      ; 16      ;
; authentication:auth|Decoder0~597                                                                                                                                                      ; 16      ;
; authentication:auth|Decoder0~600                                                                                                                                                      ; 16      ;
; authentication:auth|Decoder0~599                                                                                                                                                      ; 16      ;
; authentication:auth|Decoder0~603                                                                                                                                                      ; 16      ;
; authentication:auth|voted~22825                                                                                                                                                       ; 15      ;
; authentication:auth|voted~22826                                                                                                                                                       ; 15      ;
; authentication:auth|voted~22823                                                                                                                                                       ; 15      ;
; modeControl:MC|digitsDisplay:display_votes|lpm_divide:Div0|lpm_divide_h1m:auto_generated|sign_div_unsign_6kh:divider|alt_u_div_eke:divider|add_sub_e9c:add_sub_5|add_sub_cella[4]~146 ; 14      ;
; mode                                                                                                                                                                                  ; 13      ;
; modeControl:MC|digitsDisplay:display_votes|lpm_divide:Div0|lpm_divide_h1m:auto_generated|sign_div_unsign_6kh:divider|alt_u_div_eke:divider|add_sub_d9c:add_sub_3|add_sub_cella[3]~60  ; 13      ;
; authentication:auth|voted~22832                                                                                                                                                       ; 13      ;
; authentication:auth|voted~22833                                                                                                                                                       ; 13      ;
; authentication:auth|voted~22828                                                                                                                                                       ; 13      ;
; authentication:auth|voted~22838                                                                                                                                                       ; 13      ;
; authentication:auth|voted~22840                                                                                                                                                       ; 13      ;
; authentication:auth|voted~22839                                                                                                                                                       ; 13      ;
; authentication:auth|voted~22835                                                                                                                                                       ; 13      ;
; authentication:auth|voted~22836                                                                                                                                                       ; 13      ;
; authentication:auth|voted~22829                                                                                                                                                       ; 13      ;
+---------------------------------------------------------------------------------------------------------------------------------------------------------------------------------------+---------+


+-------------------------------------------+
; LAB                                       ;
+--------------------------+----------------+
; Number of Logic Elements ; Number of LABs ;
+--------------------------+----------------+
; 0                        ; 345            ;
; 1                        ; 15             ;
; 2                        ; 0              ;
; 3                        ; 1              ;
; 4                        ; 1              ;
; 5                        ; 0              ;
; 6                        ; 9              ;
; 7                        ; 20             ;
; 8                        ; 77             ;
+--------------------------+----------------+


+----------------------------------------------+
; Local Routing Interconnect                   ;
+-----------------------------+----------------+
; Local Routing Interconnects ; Number of LABs ;
+-----------------------------+----------------+
; 0                           ; 372            ;
; 1                           ; 6              ;
; 2                           ; 2              ;
; 3                           ; 7              ;
; 4                           ; 5              ;
; 5                           ; 16             ;
; 6                           ; 34             ;
; 7                           ; 24             ;
; 8                           ; 2              ;
+-----------------------------+----------------+


+---------------------------------------------+
; LAB External Interconnect                   ;
+----------------------------+----------------+
; LAB External Interconnects ; Number of LABs ;
+----------------------------+----------------+
; 0 - 1                      ; 346            ;
; 2 - 3                      ; 9              ;
; 4 - 5                      ; 16             ;
; 6 - 7                      ; 10             ;
; 8 - 9                      ; 40             ;
; 10 - 11                    ; 23             ;
; 12 - 13                    ; 18             ;
; 14 - 15                    ; 3              ;
; 16 - 17                    ; 1              ;
; 18 - 19                    ; 2              ;
+----------------------------+----------------+


+------------------------------------------------------------------------------------------+
; Row Interconnect                                                                         ;
+-------+---------------------+-----------------------------+------------------------------+
; Row   ; Interconnect Used   ; Left Half Interconnect Used ; Right Half Interconnect Used ;
+-------+---------------------+-----------------------------+------------------------------+
;  A    ;  10 / 208 ( 5 % )   ;  57 / 104 ( 55 % )          ;  0 / 104 ( 0 % )             ;
;  B    ;  13 / 208 ( 6 % )   ;  6 / 104 ( 6 % )            ;  22 / 104 ( 21 % )           ;
;  C    ;  7 / 208 ( 3 % )    ;  0 / 104 ( 0 % )            ;  56 / 104 ( 54 % )           ;
;  D    ;  60 / 208 ( 29 % )  ;  41 / 104 ( 39 % )          ;  45 / 104 ( 43 % )           ;
;  E    ;  18 / 208 ( 9 % )   ;  29 / 104 ( 28 % )          ;  17 / 104 ( 16 % )           ;
;  F    ;  5 / 208 ( 2 % )    ;  0 / 104 ( 0 % )            ;  0 / 104 ( 0 % )             ;
;  G    ;  5 / 208 ( 2 % )    ;  50 / 104 ( 48 % )          ;  0 / 104 ( 0 % )             ;
;  H    ;  1 / 208 ( < 1 % )  ;  5 / 104 ( 5 % )            ;  0 / 104 ( 0 % )             ;
;  I    ;  14 / 208 ( 7 % )   ;  27 / 104 ( 26 % )          ;  28 / 104 ( 27 % )           ;
; Total ;  133 / 1872 ( 7 % ) ;  215 / 936 ( 23 % )         ;  168 / 936 ( 18 % )          ;
+-------+---------------------+-----------------------------+------------------------------+


+----------------------------+
; LAB Column Interconnect    ;
+-------+--------------------+
; Col.  ; Interconnect Used  ;
+-------+--------------------+
; 1     ;  0 / 24 ( 0 % )    ;
; 2     ;  1 / 24 ( 4 % )    ;
; 3     ;  4 / 24 ( 17 % )   ;
; 4     ;  3 / 24 ( 13 % )   ;
; 5     ;  0 / 24 ( 0 % )    ;
; 6     ;  3 / 24 ( 13 % )   ;
; 7     ;  1 / 24 ( 4 % )    ;
; 8     ;  1 / 24 ( 4 % )    ;
; 9     ;  3 / 24 ( 13 % )   ;
; 10    ;  0 / 24 ( 0 % )    ;
; 11    ;  0 / 24 ( 0 % )    ;
; 12    ;  1 / 24 ( 4 % )    ;
; 13    ;  1 / 24 ( 4 % )    ;
; 14    ;  3 / 24 ( 13 % )   ;
; 15    ;  0 / 24 ( 0 % )    ;
; 16    ;  0 / 24 ( 0 % )    ;
; 17    ;  0 / 24 ( 0 % )    ;
; 18    ;  0 / 24 ( 0 % )    ;
; 19    ;  1 / 24 ( 4 % )    ;
; 20    ;  3 / 24 ( 13 % )   ;
; 21    ;  1 / 24 ( 4 % )    ;
; 22    ;  0 / 24 ( 0 % )    ;
; 23    ;  2 / 24 ( 8 % )    ;
; 24    ;  5 / 24 ( 21 % )   ;
; 25    ;  2 / 24 ( 8 % )    ;
; 26    ;  2 / 24 ( 8 % )    ;
; 27    ;  2 / 24 ( 8 % )    ;
; 28    ;  2 / 24 ( 8 % )    ;
; 29    ;  1 / 24 ( 4 % )    ;
; 30    ;  2 / 24 ( 8 % )    ;
; 31    ;  0 / 24 ( 0 % )    ;
; 32    ;  0 / 24 ( 0 % )    ;
; 33    ;  1 / 24 ( 4 % )    ;
; 34    ;  0 / 24 ( 0 % )    ;
; 35    ;  1 / 24 ( 4 % )    ;
; 36    ;  4 / 24 ( 17 % )   ;
; 37    ;  0 / 24 ( 0 % )    ;
; 38    ;  0 / 24 ( 0 % )    ;
; 39    ;  1 / 24 ( 4 % )    ;
; 40    ;  2 / 24 ( 8 % )    ;
; 41    ;  0 / 24 ( 0 % )    ;
; 42    ;  0 / 24 ( 0 % )    ;
; 43    ;  3 / 24 ( 13 % )   ;
; 44    ;  0 / 24 ( 0 % )    ;
; 45    ;  0 / 24 ( 0 % )    ;
; 46    ;  0 / 24 ( 0 % )    ;
; 47    ;  3 / 24 ( 13 % )   ;
; 48    ;  2 / 24 ( 8 % )    ;
; 49    ;  3 / 24 ( 13 % )   ;
; 50    ;  1 / 24 ( 4 % )    ;
; 51    ;  8 / 24 ( 33 % )   ;
; 52    ;  8 / 24 ( 33 % )   ;
; Total ;  81 / 1248 ( 6 % ) ;
+-------+--------------------+


+---------------------------+
; LAB Column Interconnect   ;
+-------+-------------------+
; Col.  ; Interconnect Used ;
+-------+-------------------+
; 1     ;  0 / 24 ( 0 % )   ;
; Total ;  0 / 24 ( 0 % )   ;
+-------+-------------------+


+----------------------------------------------------------+
; Fitter Resource Usage Summary                            ;
+-----------------------------------+----------------------+
; Resource                          ; Usage                ;
+-----------------------------------+----------------------+
; Total logic elements              ; 832 / 3,744 ( 22 % ) ;
; Registers                         ; 362 / 3,744 ( 10 % ) ;
; Logic elements in carry chains    ; 125                  ;
; User inserted logic elements      ; 0                    ;
; I/O pins                          ; 33 / 189 ( 17 % )    ;
;     -- Clock pins                 ; 2                    ;
;     -- Dedicated input pins       ; 2 / 4 ( 50 % )       ;
; Global signals                    ; 1                    ;
; EABs                              ; 0 / 9 ( 0 % )        ;
; Total memory bits                 ; 0 / 18,432 ( 0 % )   ;
; Total RAM block bits              ; 0 / 18,432 ( 0 % )   ;
; Maximum fan-out node              ; clock                ;
; Maximum fan-out                   ; 362                  ;
; Highest non-global fan-out signal ; reset                ;
; Highest non-global fan-out        ; 290                  ;
; Total fan-out                     ; 3289                 ;
; Average fan-out                   ; 3.80                 ;
+-----------------------------------+----------------------+


+--------------------------------------------------------------------------------------------------------------------------------------------------------------------------------------------------------------------------------------------------------------------------------------------------------------------------------------------------------------------------------------+
; Fitter Resource Utilization by Entity                                                                                                                                                                                                                                                                                                                                                ;
+----------------------------------------------+-------------+--------------+-------------+------+--------------+-------------------+------------------+-----------------+------------+---------------------------------------------------------------------------------------------------------------------------------------------------------------------------------+--------------+
; Compilation Hierarchy Node                   ; Logic Cells ; LC Registers ; Memory Bits ; Pins ; LUT-Only LCs ; Register-Only LCs ; LUT/Register LCs ; Carry Chain LCs ; Packed LCs ; Full Hierarchy Name                                                                                                                                                             ; Library Name ;
+----------------------------------------------+-------------+--------------+-------------+------+--------------+-------------------+------------------+-----------------+------------+---------------------------------------------------------------------------------------------------------------------------------------------------------------------------------+--------------+
; |votingMachine                               ; 832 (173)   ; 362          ; 0           ; 33   ; 470 (173)    ; 0 (0)             ; 362 (0)          ; 125 (0)         ; 0 (0)      ; |votingMachine                                                                                                                                                                  ; work         ;
;    |authentication:auth|                     ; 307 (307)   ; 256          ; 0           ; 0    ; 51 (51)      ; 0 (0)             ; 256 (256)        ; 0 (0)           ; 0 (0)      ; |votingMachine|authentication:auth                                                                                                                                              ; work         ;
;    |buttonControl:bc1|                       ; 64 (40)     ; 26           ; 0           ; 0    ; 38 (14)      ; 0 (0)             ; 26 (26)          ; 25 (1)          ; 0 (0)      ; |votingMachine|buttonControl:bc1                                                                                                                                                ; work         ;
;       |lpm_add_sub:Add0|                     ; 24 (0)      ; 0            ; 0           ; 0    ; 24 (0)       ; 0 (0)             ; 0 (0)            ; 24 (0)          ; 0 (0)      ; |votingMachine|buttonControl:bc1|lpm_add_sub:Add0                                                                                                                               ; work         ;
;          |addcore:adder|                     ; 24 (1)      ; 0            ; 0           ; 0    ; 24 (1)       ; 0 (0)             ; 0 (0)            ; 24 (1)          ; 0 (0)      ; |votingMachine|buttonControl:bc1|lpm_add_sub:Add0|addcore:adder                                                                                                                 ; work         ;
;             |a_csnbuffer:result_node|        ; 23 (23)     ; 0            ; 0           ; 0    ; 23 (23)      ; 0 (0)             ; 0 (0)            ; 23 (23)         ; 0 (0)      ; |votingMachine|buttonControl:bc1|lpm_add_sub:Add0|addcore:adder|a_csnbuffer:result_node                                                                                         ; work         ;
;    |buttonControl:bc2|                       ; 64 (40)     ; 26           ; 0           ; 0    ; 38 (14)      ; 0 (0)             ; 26 (26)          ; 25 (1)          ; 0 (0)      ; |votingMachine|buttonControl:bc2                                                                                                                                                ; work         ;
;       |lpm_add_sub:Add0|                     ; 24 (0)      ; 0            ; 0           ; 0    ; 24 (0)       ; 0 (0)             ; 0 (0)            ; 24 (0)          ; 0 (0)      ; |votingMachine|buttonControl:bc2|lpm_add_sub:Add0                                                                                                                               ; work         ;
;          |addcore:adder|                     ; 24 (1)      ; 0            ; 0           ; 0    ; 24 (1)       ; 0 (0)             ; 0 (0)            ; 24 (1)          ; 0 (0)      ; |votingMachine|buttonControl:bc2|lpm_add_sub:Add0|addcore:adder                                                                                                                 ; work         ;
;             |a_csnbuffer:result_node|        ; 23 (23)     ; 0            ; 0           ; 0    ; 23 (23)      ; 0 (0)             ; 0 (0)            ; 23 (23)         ; 0 (0)      ; |votingMachine|buttonControl:bc2|lpm_add_sub:Add0|addcore:adder|a_csnbuffer:result_node                                                                                         ; work         ;
;    |buttonControl:bc3|                       ; 65 (41)     ; 26           ; 0           ; 0    ; 39 (15)      ; 0 (0)             ; 26 (26)          ; 25 (1)          ; 0 (0)      ; |votingMachine|buttonControl:bc3                                                                                                                                                ; work         ;
;       |lpm_add_sub:Add0|                     ; 24 (0)      ; 0            ; 0           ; 0    ; 24 (0)       ; 0 (0)             ; 0 (0)            ; 24 (0)          ; 0 (0)      ; |votingMachine|buttonControl:bc3|lpm_add_sub:Add0                                                                                                                               ; work         ;
;          |addcore:adder|                     ; 24 (1)      ; 0            ; 0           ; 0    ; 24 (1)       ; 0 (0)             ; 0 (0)            ; 24 (1)          ; 0 (0)      ; |votingMachine|buttonControl:bc3|lpm_add_sub:Add0|addcore:adder                                                                                                                 ; work         ;
;             |a_csnbuffer:result_node|        ; 23 (23)     ; 0            ; 0           ; 0    ; 23 (23)      ; 0 (0)             ; 0 (0)            ; 23 (23)         ; 0 (0)      ; |votingMachine|buttonControl:bc3|lpm_add_sub:Add0|addcore:adder|a_csnbuffer:result_node                                                                                         ; work         ;
;    |modeControl:MC|                          ; 134 (26)    ; 7            ; 0           ; 0    ; 127 (19)     ; 0 (0)             ; 7 (7)            ; 29 (0)          ; 0 (0)      ; |votingMachine|modeControl:MC                                                                                                                                                   ; work         ;
;       |digitsDisplay:display_votes|          ; 108 (29)    ; 0            ; 0           ; 0    ; 108 (29)     ; 0 (0)             ; 0 (0)            ; 29 (0)          ; 0 (0)      ; |votingMachine|modeControl:MC|digitsDisplay:display_votes                                                                                                                       ; work         ;
;          |lpm_divide:Div0|                   ; 37 (0)      ; 0            ; 0           ; 0    ; 37 (0)       ; 0 (0)             ; 0 (0)            ; 19 (0)          ; 0 (0)      ; |votingMachine|modeControl:MC|digitsDisplay:display_votes|lpm_divide:Div0                                                                                                       ; work         ;
;             |lpm_divide_h1m:auto_generated|  ; 37 (0)      ; 0            ; 0           ; 0    ; 37 (0)       ; 0 (0)             ; 0 (0)            ; 19 (0)          ; 0 (0)      ; |votingMachine|modeControl:MC|digitsDisplay:display_votes|lpm_divide:Div0|lpm_divide_h1m:auto_generated                                                                         ; work         ;
;                |sign_div_unsign_6kh:divider| ; 37 (0)      ; 0            ; 0           ; 0    ; 37 (0)       ; 0 (0)             ; 0 (0)            ; 19 (0)          ; 0 (0)      ; |votingMachine|modeControl:MC|digitsDisplay:display_votes|lpm_divide:Div0|lpm_divide_h1m:auto_generated|sign_div_unsign_6kh:divider                                             ; work         ;
;                   |alt_u_div_eke:divider|    ; 37 (18)     ; 0            ; 0           ; 0    ; 37 (18)      ; 0 (0)             ; 0 (0)            ; 19 (0)          ; 0 (0)      ; |votingMachine|modeControl:MC|digitsDisplay:display_votes|lpm_divide:Div0|lpm_divide_h1m:auto_generated|sign_div_unsign_6kh:divider|alt_u_div_eke:divider                       ; work         ;
;                      |add_sub_d9c:add_sub_3| ; 4 (4)       ; 0            ; 0           ; 0    ; 4 (4)        ; 0 (0)             ; 0 (0)            ; 4 (4)           ; 0 (0)      ; |votingMachine|modeControl:MC|digitsDisplay:display_votes|lpm_divide:Div0|lpm_divide_h1m:auto_generated|sign_div_unsign_6kh:divider|alt_u_div_eke:divider|add_sub_d9c:add_sub_3 ; work         ;
;                      |add_sub_e9c:add_sub_4| ; 5 (5)       ; 0            ; 0           ; 0    ; 5 (5)        ; 0 (0)             ; 0 (0)            ; 5 (5)           ; 0 (0)      ; |votingMachine|modeControl:MC|digitsDisplay:display_votes|lpm_divide:Div0|lpm_divide_h1m:auto_generated|sign_div_unsign_6kh:divider|alt_u_div_eke:divider|add_sub_e9c:add_sub_4 ; work         ;
;                      |add_sub_e9c:add_sub_5| ; 5 (5)       ; 0            ; 0           ; 0    ; 5 (5)        ; 0 (0)             ; 0 (0)            ; 5 (5)           ; 0 (0)      ; |votingMachine|modeControl:MC|digitsDisplay:display_votes|lpm_divide:Div0|lpm_divide_h1m:auto_generated|sign_div_unsign_6kh:divider|alt_u_div_eke:divider|add_sub_e9c:add_sub_5 ; work         ;
;                      |add_sub_e9c:add_sub_6| ; 5 (5)       ; 0            ; 0           ; 0    ; 5 (5)        ; 0 (0)             ; 0 (0)            ; 5 (5)           ; 0 (0)      ; |votingMachine|modeControl:MC|digitsDisplay:display_votes|lpm_divide:Div0|lpm_divide_h1m:auto_generated|sign_div_unsign_6kh:divider|alt_u_div_eke:divider|add_sub_e9c:add_sub_6 ; work         ;
;          |lpm_divide:Mod0|                   ; 42 (0)      ; 0            ; 0           ; 0    ; 42 (0)       ; 0 (0)             ; 0 (0)            ; 10 (0)          ; 0 (0)      ; |votingMachine|modeControl:MC|digitsDisplay:display_votes|lpm_divide:Mod0                                                                                                       ; work         ;
;             |lpm_divide_kpl:auto_generated|  ; 42 (0)      ; 0            ; 0           ; 0    ; 42 (0)       ; 0 (0)             ; 0 (0)            ; 10 (0)          ; 0 (0)      ; |votingMachine|modeControl:MC|digitsDisplay:display_votes|lpm_divide:Mod0|lpm_divide_kpl:auto_generated                                                                         ; work         ;
;                |sign_div_unsign_6kh:divider| ; 42 (0)      ; 0            ; 0           ; 0    ; 42 (0)       ; 0 (0)             ; 0 (0)            ; 10 (0)          ; 0 (0)      ; |votingMachine|modeControl:MC|digitsDisplay:display_votes|lpm_divide:Mod0|lpm_divide_kpl:auto_generated|sign_div_unsign_6kh:divider                                             ; work         ;
;                   |alt_u_div_eke:divider|    ; 42 (20)     ; 0            ; 0           ; 0    ; 42 (20)      ; 0 (0)             ; 0 (0)            ; 10 (0)          ; 0 (0)      ; |votingMachine|modeControl:MC|digitsDisplay:display_votes|lpm_divide:Mod0|lpm_divide_kpl:auto_generated|sign_div_unsign_6kh:divider|alt_u_div_eke:divider                       ; work         ;
;                      |add_sub_d9c:add_sub_3| ; 5 (5)       ; 0            ; 0           ; 0    ; 5 (5)        ; 0 (0)             ; 0 (0)            ; 0 (0)           ; 0 (0)      ; |votingMachine|modeControl:MC|digitsDisplay:display_votes|lpm_divide:Mod0|lpm_divide_kpl:auto_generated|sign_div_unsign_6kh:divider|alt_u_div_eke:divider|add_sub_d9c:add_sub_3 ; work         ;
;                      |add_sub_e9c:add_sub_4| ; 7 (7)       ; 0            ; 0           ; 0    ; 7 (7)        ; 0 (0)             ; 0 (0)            ; 0 (0)           ; 0 (0)      ; |votingMachine|modeControl:MC|digitsDisplay:display_votes|lpm_divide:Mod0|lpm_divide_kpl:auto_generated|sign_div_unsign_6kh:divider|alt_u_div_eke:divider|add_sub_e9c:add_sub_4 ; work         ;
;                      |add_sub_e9c:add_sub_5| ; 5 (5)       ; 0            ; 0           ; 0    ; 5 (5)        ; 0 (0)             ; 0 (0)            ; 5 (5)           ; 0 (0)      ; |votingMachine|modeControl:MC|digitsDisplay:display_votes|lpm_divide:Mod0|lpm_divide_kpl:auto_generated|sign_div_unsign_6kh:divider|alt_u_div_eke:divider|add_sub_e9c:add_sub_5 ; work         ;
;                      |add_sub_e9c:add_sub_6| ; 5 (5)       ; 0            ; 0           ; 0    ; 5 (5)        ; 0 (0)             ; 0 (0)            ; 5 (5)           ; 0 (0)      ; |votingMachine|modeControl:MC|digitsDisplay:display_votes|lpm_divide:Mod0|lpm_divide_kpl:auto_generated|sign_div_unsign_6kh:divider|alt_u_div_eke:divider|add_sub_e9c:add_sub_6 ; work         ;
;    |voteLogger:VL|                           ; 25 (1)      ; 21           ; 0           ; 0    ; 4 (1)        ; 0 (0)             ; 21 (0)           ; 21 (0)          ; 0 (0)      ; |votingMachine|voteLogger:VL                                                                                                                                                    ; work         ;
;       |lpm_counter:cand1_vote_recvd_rtl_0|   ; 7 (0)       ; 7            ; 0           ; 0    ; 0 (0)        ; 0 (0)             ; 7 (0)            ; 7 (0)           ; 0 (0)      ; |votingMachine|voteLogger:VL|lpm_counter:cand1_vote_recvd_rtl_0                                                                                                                 ; work         ;
;          |alt_counter_f10ke:wysi_counter|    ; 7 (7)       ; 7            ; 0           ; 0    ; 0 (0)        ; 0 (0)             ; 7 (7)            ; 7 (7)           ; 0 (0)      ; |votingMachine|voteLogger:VL|lpm_counter:cand1_vote_recvd_rtl_0|alt_counter_f10ke:wysi_counter                                                                                  ; work         ;
;       |lpm_counter:cand2_vote_recvd_rtl_1|   ; 8 (0)       ; 7            ; 0           ; 0    ; 1 (0)        ; 0 (0)             ; 7 (0)            ; 7 (0)           ; 0 (0)      ; |votingMachine|voteLogger:VL|lpm_counter:cand2_vote_recvd_rtl_1                                                                                                                 ; work         ;
;          |alt_counter_f10ke:wysi_counter|    ; 8 (8)       ; 7            ; 0           ; 0    ; 1 (1)        ; 0 (0)             ; 7 (7)            ; 7 (7)           ; 0 (0)      ; |votingMachine|voteLogger:VL|lpm_counter:cand2_vote_recvd_rtl_1|alt_counter_f10ke:wysi_counter                                                                                  ; work         ;
;       |lpm_counter:cand3_vote_recvd_rtl_2|   ; 9 (0)       ; 7            ; 0           ; 0    ; 2 (0)        ; 0 (0)             ; 7 (0)            ; 7 (0)           ; 0 (0)      ; |votingMachine|voteLogger:VL|lpm_counter:cand3_vote_recvd_rtl_2                                                                                                                 ; work         ;
;          |alt_counter_f10ke:wysi_counter|    ; 9 (9)       ; 7            ; 0           ; 0    ; 2 (2)        ; 0 (0)             ; 7 (7)            ; 7 (7)           ; 0 (0)      ; |votingMachine|voteLogger:VL|lpm_counter:cand3_vote_recvd_rtl_2|alt_counter_f10ke:wysi_counter                                                                                  ; work         ;
+----------------------------------------------+-------------+--------------+-------------+------+--------------+-------------------+------------------+-----------------+------------+---------------------------------------------------------------------------------------------------------------------------------------------------------------------------------+--------------+
Note: For table entries with two numbers listed, the numbers in parentheses indicate the number of resources of the given type used by the specific entity alone. The numbers listed outside of parentheses indicate the total resources of the given type used by the specific entity and all of its sub-entities in the hierarchy.


+-----------------------------------------+
; Delay Chain Summary                     ;
+----------------+----------+-------------+
; Name           ; Pin Type ; Pad to Core ;
+----------------+----------+-------------+
; voter_id[4]    ; Input    ; OFF         ;
; voter_id[5]    ; Input    ; OFF         ;
; voter_id[0]    ; Input    ; OFF         ;
; voter_id[1]    ; Input    ; OFF         ;
; voter_id[3]    ; Input    ; OFF         ;
; voter_id[2]    ; Input    ; OFF         ;
; voter_id[7]    ; Input    ; OFF         ;
; voter_id[6]    ; Input    ; OFF         ;
; mode           ; Input    ; OFF         ;
; pollsig        ; Input    ; OFF         ;
; reset          ; Input    ; OFF         ;
; clock          ; Input    ; OFF         ;
; button3        ; Input    ; OFF         ;
; button2        ; Input    ; OFF         ;
; button1        ; Input    ; OFF         ;
; already_voted  ; Output   ; OFF         ;
; pollsigON      ; Output   ; OFF         ;
; decimal_point0 ; Output   ; OFF         ;
; decimal_point1 ; Output   ; OFF         ;
; digit0[0]      ; Output   ; OFF         ;
; digit0[1]      ; Output   ; OFF         ;
; digit0[2]      ; Output   ; OFF         ;
; digit0[3]      ; Output   ; OFF         ;
; digit0[4]      ; Output   ; OFF         ;
; digit0[5]      ; Output   ; OFF         ;
; digit0[6]      ; Output   ; OFF         ;
; digit1[0]      ; Output   ; OFF         ;
; digit1[1]      ; Output   ; OFF         ;
; digit1[2]      ; Output   ; OFF         ;
; digit1[3]      ; Output   ; OFF         ;
; digit1[4]      ; Output   ; OFF         ;
; digit1[5]      ; Output   ; OFF         ;
; digit1[6]      ; Output   ; OFF         ;
+----------------+----------+-------------+


+--------------+
; Pin-Out File ;
+--------------+
The pin-out file can be found in C:/Users/u/OneDrive - BUET/BUET/L-3 T-2/EEE 304/Project/Latest Code/votingMachine.pin.


+-----------------+
; Fitter Messages ;
+-----------------+
Info: *******************************************************************
Info: Running Quartus II Fitter
    Info: Version 8.1 Build 163 10/28/2008 SJ Web Edition
    Info: Processing started: Sun Sep 10 18:39:37 2023
Info: Command: quartus_fit --read_settings_files=off --write_settings_files=off votingMachine -c votingMachine
Info: Selected device EPF10K70RC240-4 for design "votingMachine"
Warning: Feature SignalProbe is not available with your current license
Info: Fitter is using the Classic Timing Analyzer
Info: Timing requirements not specified -- optimizing circuit to achieve the following default global requirements
    Info: Assuming a global fmax requirement of 1000 MHz
    Info: Not setting a global tsu requirement
    Info: Not setting a global tco requirement
    Info: Not setting a global tpd requirement
Info: Inserted 0 logic cells in first fitting attempt
Info: Started fitting attempt 1 on Sun Sep 10 2023 at 18:39:37
Info: Fitter placement preparation operations beginning
Info: Fitter placement preparation operations ending: elapsed time is 00:00:01
Info: Fitter placement operations beginning
Info: Fitter placement operations ending: elapsed time is 00:00:02
Info: Fitter routing operations beginning
Info: Fitter routing operations ending: elapsed time is 00:00:02
Info: Quartus II Fitter was successful. 0 errors, 1 warning
    Info: Peak virtual memory: 232 megabytes
    Info: Processing ended: Sun Sep 10 18:39:45 2023
    Info: Elapsed time: 00:00:08
    Info: Total CPU time (on all processors): 00:00:08


